#
# There is insufficient memory for the Java Runtime Environment to continue.
# Native memory allocation (malloc) failed to allocate 32744 bytes. Error detail: Chunk::new
# Possible reasons:
#   The system is out of physical RAM or swap space
#   This process is running with CompressedOops enabled, and the Java Heap may be blocking the growth of the native heap
# Possible solutions:
#   Reduce memory load on the system
#   Increase physical memory or swap space
#   Check if swap backing store is full
#   Decrease Java heap size (-Xmx/-Xms)
#   Decrease number of Java threads
#   Decrease Java thread stack sizes (-Xss)
#   Set larger code cache with -XX:ReservedCodeCacheSize=
#   JVM is running with Unscaled Compressed Oops mode in which the Java heap is
#     placed in the first 4GB address space. The Java Heap base address is the
#     maximum limit for the native heap growth. Please use -XX:HeapBaseMinAddress
#     to set the Java Heap base and to place the Java Heap above 4GB virtual address.
# This output file may be truncated or incomplete.
#
#  Out of Memory Error (arena.cpp:149), pid=8660, tid=4196
#
# JRE version: Java(TM) SE Runtime Environment (23.0.2+7) (build 23.0.2+7-58)
# Java VM: Java HotSpot(TM) 64-Bit Server VM (23.0.2+7-58, mixed mode, tiered, compressed oops, compressed class ptrs, g1 gc, windows-amd64)
# No core dump will be written. Minidumps are not enabled by default on client versions of Windows
#

---------------  S U M M A R Y ------------

Command Line: -Xmx64m -Xms64m -Dorg.gradle.appname=gradlew org.gradle.wrapper.GradleWrapperMain app:installDebug -PreactNativeDevServerPort=8081

Host: 11th Gen Intel(R) Core(TM) i3-1115G4 @ 3.00GHz, 4 cores, 7G,  Windows 11 , 64 bit Build 22621 (10.0.22621.5124)
Time: Sat Apr  5 19:50:09 2025 India Standard Time elapsed time: 0.260661 seconds (0d 0h 0m 0s)

---------------  T H R E A D  ---------------

Current thread (0x00000249001f41a0):  JavaThread "C1 CompilerThread0" daemon [_thread_in_native, id=4196, stack(0x0000007b47300000,0x0000007b47400000) (1024K)]


Current CompileTask:
C1:260  143       3       java.util.HashMap::putVal (300 bytes)

Stack: [0x0000007b47300000,0x0000007b47400000]
Native frames: (J=compiled Java code, j=interpreted, Vv=VM code, C=native code)
V  [jvm.dll+0x6e0b99]  (no source info available)
V  [jvm.dll+0x87e2b3]  (no source info available)
V  [jvm.dll+0x88073e]  (no source info available)
V  [jvm.dll+0x880e13]  (no source info available)
V  [jvm.dll+0x27b006]  (no source info available)
V  [jvm.dll+0xbc06f]  (no source info available)
V  [jvm.dll+0xbc2cb]  (no source info available)
V  [jvm.dll+0x1919b3]  (no source info available)
V  [jvm.dll+0x191a7d]  (no source info available)
V  [jvm.dll+0x194069]  (no source info available)
V  [jvm.dll+0x195684]  (no source info available)
V  [jvm.dll+0x150a72]  (no source info available)
V  [jvm.dll+0x15022f]  (no source info available)
V  [jvm.dll+0x1504db]  (no source info available)
V  [jvm.dll+0x14f8a8]  (no source info available)
V  [jvm.dll+0x1516ed]  (no source info available)
V  [jvm.dll+0x253df1]  (no source info available)
V  [jvm.dll+0x2520aa]  (no source info available)
V  [jvm.dll+0x3ee226]  (no source info available)
V  [jvm.dll+0x8254cb]  (no source info available)
V  [jvm.dll+0x6df345]  (no source info available)
C  [ucrtbase.dll+0x29333]  (no source info available)
C  [KERNEL32.DLL+0x1259d]  (no source info available)
C  [ntdll.dll+0x5af38]  (no source info available)

Lock stack of current Java thread (top to bottom):


---------------  P R O C E S S  ---------------

Threads class SMR info:
_java_thread_list=0x0000024900381c00, length=11, elements={
0x000002495b3d3660, 0x00000249001537e0, 0x00000249001e64b0, 0x00000249001db8f0,
0x00000249001d1e90, 0x00000249001d28f0, 0x00000249001d3350, 0x00000249001d4550,
0x00000249001f41a0, 0x00000249003aa8f0, 0x00000249003af780
}

Java Threads: ( => current thread )
  0x000002495b3d3660 JavaThread "main"                              [_thread_in_vm, id=17700, stack(0x0000007b46400000,0x0000007b46500000) (1024K)]
  0x00000249001537e0 JavaThread "Reference Handler"          daemon [_thread_blocked, id=14296, stack(0x0000007b46c00000,0x0000007b46d00000) (1024K)]
  0x00000249001e64b0 JavaThread "Finalizer"                  daemon [_thread_blocked, id=9956, stack(0x0000007b46d00000,0x0000007b46e00000) (1024K)]
  0x00000249001db8f0 JavaThread "Signal Dispatcher"          daemon [_thread_blocked, id=4516, stack(0x0000007b46e00000,0x0000007b46f00000) (1024K)]
  0x00000249001d1e90 JavaThread "Attach Listener"            daemon [_thread_blocked, id=1612, stack(0x0000007b46f00000,0x0000007b47000000) (1024K)]
  0x00000249001d28f0 JavaThread "Service Thread"             daemon [_thread_blocked, id=11988, stack(0x0000007b47000000,0x0000007b47100000) (1024K)]
  0x00000249001d3350 JavaThread "Monitor Deflation Thread"   daemon [_thread_blocked, id=12340, stack(0x0000007b47100000,0x0000007b47200000) (1024K)]
  0x00000249001d4550 JavaThread "C2 CompilerThread0"         daemon [_thread_in_native, id=22452, stack(0x0000007b47200000,0x0000007b47300000) (1024K)]
=>0x00000249001f41a0 JavaThread "C1 CompilerThread0"         daemon [_thread_in_native, id=4196, stack(0x0000007b47300000,0x0000007b47400000) (1024K)]
  0x00000249003aa8f0 JavaThread "Notification Thread"        daemon [_thread_blocked, id=11952, stack(0x0000007b47400000,0x0000007b47500000) (1024K)]
  0x00000249003af780 JavaThread "Common-Cleaner"             daemon [_thread_blocked, id=5144, stack(0x0000007b47500000,0x0000007b47600000) (1024K)]
Total: 11

Other Threads:
  0x000002495d6aebd0 VMThread "VM Thread"                           [id=10724, stack(0x0000007b46b00000,0x0000007b46c00000) (1024K)]
  0x000002495d679990 WatcherThread "VM Periodic Task Thread"        [id=22592, stack(0x0000007b46a00000,0x0000007b46b00000) (1024K)]
  0x000002495d60c3b0 WorkerThread "GC Thread#0"                     [id=21324, stack(0x0000007b46500000,0x0000007b46600000) (1024K)]
  0x000002495d60de00 ConcurrentGCThread "G1 Main Marker"            [id=15596, stack(0x0000007b46600000,0x0000007b46700000) (1024K)]
  0x000002495d60eac0 WorkerThread "G1 Conc#0"                       [id=8136, stack(0x0000007b46700000,0x0000007b46800000) (1024K)]
  0x000002495d669dc0 ConcurrentGCThread "G1 Refine#0"               [id=11448, stack(0x0000007b46800000,0x0000007b46900000) (1024K)]
  0x000002495d66a850 ConcurrentGCThread "G1 Service"                [id=14168, stack(0x0000007b46900000,0x0000007b46a00000) (1024K)]
Total: 7

Threads with active compile tasks:
C2 CompilerThread0  302  147       4       java.lang.StringLatin1::indexOfChar (33 bytes)
C1 CompilerThread0  302  143       3       java.util.HashMap::putVal (300 bytes)
Total: 2

VM state: not at safepoint (normal execution)

VM Mutex/Monitor currently owned by a thread:  ([mutex/lock_event])
[0x00007ff81fe92888] Metaspace_lock - owner thread: 0x000002495b3d3660

Heap address: 0x00000000fc000000, size: 64 MB, Compressed Oops mode: 32-bit

CDS archive(s) not mapped
Compressed class space mapped at: 0x00000000a7000000-0x00000000e7000000, reserved size: 1073741824
Narrow klass base: 0x0000000000000000, Narrow klass shift: 0, Narrow klass range: 0xe7000000

GC Precious Log:
 CardTable entry size: 512
 Card Set container configuration: InlinePtr #cards 5 size 8 Array Of Cards #cards 10 size 36 Howl #buckets 4 coarsen threshold 1843 Howl Bitmap #cards 512 size 80 coarsen threshold 460 Card regions per heap region 1 cards per card region 2048
 CPUs: 4 total, 4 available
 Memory: 7926M
 Large Page Support: Disabled
 NUMA Support: Disabled
 Compressed Oops: Enabled (32-bit)
 Heap Region Size: 1M
 Heap Min Capacity: 64M
 Heap Initial Capacity: 64M
 Heap Max Capacity: 64M
 Pre-touch: Disabled
 Parallel Workers: 4
 Concurrent Workers: 1
 Concurrent Refinement Workers: 4
 Periodic GC: Disabled

Heap:
 garbage-first heap   total reserved 65536K, committed 65536K, used 1024K [0x00000000fc000000, 0x0000000100000000)
  region size 1024K, 2 young (2048K), 0 survivors (0K)
 Metaspace       used 6733K, committed 6848K, reserved 1114112K
  class space    used 569K, committed 640K, reserved 1048576K

Heap Regions: E=young(eden), S=young(survivor), O=old, HS=humongous(starts), HC=humongous(continues), CS=collection set, F=free, TAMS=top-at-mark-start, PB=parsable bottom
|   0|0x00000000fc000000, 0x00000000fc000000, 0x00000000fc100000|  0%| F|  |TAMS 0x00000000fc000000| PB 0x00000000fc000000| Untracked |  0
|   1|0x00000000fc100000, 0x00000000fc100000, 0x00000000fc200000|  0%| F|  |TAMS 0x00000000fc100000| PB 0x00000000fc100000| Untracked |  0
|   2|0x00000000fc200000, 0x00000000fc200000, 0x00000000fc300000|  0%| F|  |TAMS 0x00000000fc200000| PB 0x00000000fc200000| Untracked |  0
|   3|0x00000000fc300000, 0x00000000fc300000, 0x00000000fc400000|  0%| F|  |TAMS 0x00000000fc300000| PB 0x00000000fc300000| Untracked |  0
|   4|0x00000000fc400000, 0x00000000fc400000, 0x00000000fc500000|  0%| F|  |TAMS 0x00000000fc400000| PB 0x00000000fc400000| Untracked |  0
|   5|0x00000000fc500000, 0x00000000fc500000, 0x00000000fc600000|  0%| F|  |TAMS 0x00000000fc500000| PB 0x00000000fc500000| Untracked |  0
|   6|0x00000000fc600000, 0x00000000fc600000, 0x00000000fc700000|  0%| F|  |TAMS 0x00000000fc600000| PB 0x00000000fc600000| Untracked |  0
|   7|0x00000000fc700000, 0x00000000fc700000, 0x00000000fc800000|  0%| F|  |TAMS 0x00000000fc700000| PB 0x00000000fc700000| Untracked |  0
|   8|0x00000000fc800000, 0x00000000fc800000, 0x00000000fc900000|  0%| F|  |TAMS 0x00000000fc800000| PB 0x00000000fc800000| Untracked |  0
|   9|0x00000000fc900000, 0x00000000fc900000, 0x00000000fca00000|  0%| F|  |TAMS 0x00000000fc900000| PB 0x00000000fc900000| Untracked |  0
|  10|0x00000000fca00000, 0x00000000fca00000, 0x00000000fcb00000|  0%| F|  |TAMS 0x00000000fca00000| PB 0x00000000fca00000| Untracked |  0
|  11|0x00000000fcb00000, 0x00000000fcb00000, 0x00000000fcc00000|  0%| F|  |TAMS 0x00000000fcb00000| PB 0x00000000fcb00000| Untracked |  0
|  12|0x00000000fcc00000, 0x00000000fcc00000, 0x00000000fcd00000|  0%| F|  |TAMS 0x00000000fcc00000| PB 0x00000000fcc00000| Untracked |  0
|  13|0x00000000fcd00000, 0x00000000fcd00000, 0x00000000fce00000|  0%| F|  |TAMS 0x00000000fcd00000| PB 0x00000000fcd00000| Untracked |  0
|  14|0x00000000fce00000, 0x00000000fce00000, 0x00000000fcf00000|  0%| F|  |TAMS 0x00000000fce00000| PB 0x00000000fce00000| Untracked |  0
|  15|0x00000000fcf00000, 0x00000000fcf00000, 0x00000000fd000000|  0%| F|  |TAMS 0x00000000fcf00000| PB 0x00000000fcf00000| Untracked |  0
|  16|0x00000000fd000000, 0x00000000fd000000, 0x00000000fd100000|  0%| F|  |TAMS 0x00000000fd000000| PB 0x00000000fd000000| Untracked |  0
|  17|0x00000000fd100000, 0x00000000fd100000, 0x00000000fd200000|  0%| F|  |TAMS 0x00000000fd100000| PB 0x00000000fd100000| Untracked |  0
|  18|0x00000000fd200000, 0x00000000fd200000, 0x00000000fd300000|  0%| F|  |TAMS 0x00000000fd200000| PB 0x00000000fd200000| Untracked |  0
|  19|0x00000000fd300000, 0x00000000fd300000, 0x00000000fd400000|  0%| F|  |TAMS 0x00000000fd300000| PB 0x00000000fd300000| Untracked |  0
|  20|0x00000000fd400000, 0x00000000fd400000, 0x00000000fd500000|  0%| F|  |TAMS 0x00000000fd400000| PB 0x00000000fd400000| Untracked |  0
|  21|0x00000000fd500000, 0x00000000fd500000, 0x00000000fd600000|  0%| F|  |TAMS 0x00000000fd500000| PB 0x00000000fd500000| Untracked |  0
|  22|0x00000000fd600000, 0x00000000fd600000, 0x00000000fd700000|  0%| F|  |TAMS 0x00000000fd600000| PB 0x00000000fd600000| Untracked |  0
|  23|0x00000000fd700000, 0x00000000fd700000, 0x00000000fd800000|  0%| F|  |TAMS 0x00000000fd700000| PB 0x00000000fd700000| Untracked |  0
|  24|0x00000000fd800000, 0x00000000fd800000, 0x00000000fd900000|  0%| F|  |TAMS 0x00000000fd800000| PB 0x00000000fd800000| Untracked |  0
|  25|0x00000000fd900000, 0x00000000fd900000, 0x00000000fda00000|  0%| F|  |TAMS 0x00000000fd900000| PB 0x00000000fd900000| Untracked |  0
|  26|0x00000000fda00000, 0x00000000fda00000, 0x00000000fdb00000|  0%| F|  |TAMS 0x00000000fda00000| PB 0x00000000fda00000| Untracked |  0
|  27|0x00000000fdb00000, 0x00000000fdb00000, 0x00000000fdc00000|  0%| F|  |TAMS 0x00000000fdb00000| PB 0x00000000fdb00000| Untracked |  0
|  28|0x00000000fdc00000, 0x00000000fdc00000, 0x00000000fdd00000|  0%| F|  |TAMS 0x00000000fdc00000| PB 0x00000000fdc00000| Untracked |  0
|  29|0x00000000fdd00000, 0x00000000fdd00000, 0x00000000fde00000|  0%| F|  |TAMS 0x00000000fdd00000| PB 0x00000000fdd00000| Untracked |  0
|  30|0x00000000fde00000, 0x00000000fde00000, 0x00000000fdf00000|  0%| F|  |TAMS 0x00000000fde00000| PB 0x00000000fde00000| Untracked |  0
|  31|0x00000000fdf00000, 0x00000000fdf00000, 0x00000000fe000000|  0%| F|  |TAMS 0x00000000fdf00000| PB 0x00000000fdf00000| Untracked |  0
|  32|0x00000000fe000000, 0x00000000fe000000, 0x00000000fe100000|  0%| F|  |TAMS 0x00000000fe000000| PB 0x00000000fe000000| Untracked |  0
|  33|0x00000000fe100000, 0x00000000fe100000, 0x00000000fe200000|  0%| F|  |TAMS 0x00000000fe100000| PB 0x00000000fe100000| Untracked |  0
|  34|0x00000000fe200000, 0x00000000fe200000, 0x00000000fe300000|  0%| F|  |TAMS 0x00000000fe200000| PB 0x00000000fe200000| Untracked |  0
|  35|0x00000000fe300000, 0x00000000fe300000, 0x00000000fe400000|  0%| F|  |TAMS 0x00000000fe300000| PB 0x00000000fe300000| Untracked |  0
|  36|0x00000000fe400000, 0x00000000fe400000, 0x00000000fe500000|  0%| F|  |TAMS 0x00000000fe400000| PB 0x00000000fe400000| Untracked |  0
|  37|0x00000000fe500000, 0x00000000fe500000, 0x00000000fe600000|  0%| F|  |TAMS 0x00000000fe500000| PB 0x00000000fe500000| Untracked |  0
|  38|0x00000000fe600000, 0x00000000fe600000, 0x00000000fe700000|  0%| F|  |TAMS 0x00000000fe600000| PB 0x00000000fe600000| Untracked |  0
|  39|0x00000000fe700000, 0x00000000fe700000, 0x00000000fe800000|  0%| F|  |TAMS 0x00000000fe700000| PB 0x00000000fe700000| Untracked |  0
|  40|0x00000000fe800000, 0x00000000fe800000, 0x00000000fe900000|  0%| F|  |TAMS 0x00000000fe800000| PB 0x00000000fe800000| Untracked |  0
|  41|0x00000000fe900000, 0x00000000fe900000, 0x00000000fea00000|  0%| F|  |TAMS 0x00000000fe900000| PB 0x00000000fe900000| Untracked |  0
|  42|0x00000000fea00000, 0x00000000fea00000, 0x00000000feb00000|  0%| F|  |TAMS 0x00000000fea00000| PB 0x00000000fea00000| Untracked |  0
|  43|0x00000000feb00000, 0x00000000feb00000, 0x00000000fec00000|  0%| F|  |TAMS 0x00000000feb00000| PB 0x00000000feb00000| Untracked |  0
|  44|0x00000000fec00000, 0x00000000fec00000, 0x00000000fed00000|  0%| F|  |TAMS 0x00000000fec00000| PB 0x00000000fec00000| Untracked |  0
|  45|0x00000000fed00000, 0x00000000fed00000, 0x00000000fee00000|  0%| F|  |TAMS 0x00000000fed00000| PB 0x00000000fed00000| Untracked |  0
|  46|0x00000000fee00000, 0x00000000fee00000, 0x00000000fef00000|  0%| F|  |TAMS 0x00000000fee00000| PB 0x00000000fee00000| Untracked |  0
|  47|0x00000000fef00000, 0x00000000fef00000, 0x00000000ff000000|  0%| F|  |TAMS 0x00000000fef00000| PB 0x00000000fef00000| Untracked |  0
|  48|0x00000000ff000000, 0x00000000ff000000, 0x00000000ff100000|  0%| F|  |TAMS 0x00000000ff000000| PB 0x00000000ff000000| Untracked |  0
|  49|0x00000000ff100000, 0x00000000ff100000, 0x00000000ff200000|  0%| F|  |TAMS 0x00000000ff100000| PB 0x00000000ff100000| Untracked |  0
|  50|0x00000000ff200000, 0x00000000ff200000, 0x00000000ff300000|  0%| F|  |TAMS 0x00000000ff200000| PB 0x00000000ff200000| Untracked |  0
|  51|0x00000000ff300000, 0x00000000ff300000, 0x00000000ff400000|  0%| F|  |TAMS 0x00000000ff300000| PB 0x00000000ff300000| Untracked |  0
|  52|0x00000000ff400000, 0x00000000ff400000, 0x00000000ff500000|  0%| F|  |TAMS 0x00000000ff400000| PB 0x00000000ff400000| Untracked |  0
|  53|0x00000000ff500000, 0x00000000ff500000, 0x00000000ff600000|  0%| F|  |TAMS 0x00000000ff500000| PB 0x00000000ff500000| Untracked |  0
|  54|0x00000000ff600000, 0x00000000ff600000, 0x00000000ff700000|  0%| F|  |TAMS 0x00000000ff600000| PB 0x00000000ff600000| Untracked |  0
|  55|0x00000000ff700000, 0x00000000ff700000, 0x00000000ff800000|  0%| F|  |TAMS 0x00000000ff700000| PB 0x00000000ff700000| Untracked |  0
|  56|0x00000000ff800000, 0x00000000ff800000, 0x00000000ff900000|  0%| F|  |TAMS 0x00000000ff800000| PB 0x00000000ff800000| Untracked |  0
|  57|0x00000000ff900000, 0x00000000ff900000, 0x00000000ffa00000|  0%| F|  |TAMS 0x00000000ff900000| PB 0x00000000ff900000| Untracked |  0
|  58|0x00000000ffa00000, 0x00000000ffa00000, 0x00000000ffb00000|  0%| F|  |TAMS 0x00000000ffa00000| PB 0x00000000ffa00000| Untracked |  0
|  59|0x00000000ffb00000, 0x00000000ffb00000, 0x00000000ffc00000|  0%| F|  |TAMS 0x00000000ffb00000| PB 0x00000000ffb00000| Untracked |  0
|  60|0x00000000ffc00000, 0x00000000ffc00000, 0x00000000ffd00000|  0%| F|  |TAMS 0x00000000ffc00000| PB 0x00000000ffc00000| Untracked |  0
|  61|0x00000000ffd00000, 0x00000000ffd00000, 0x00000000ffe00000|  0%| F|  |TAMS 0x00000000ffd00000| PB 0x00000000ffd00000| Untracked |  0
|  62|0x00000000ffe00000, 0x00000000fff00000, 0x00000000fff00000|100%| E|  |TAMS 0x00000000ffe00000| PB 0x00000000ffe00000| Complete |  0
|  63|0x00000000fff00000, 0x0000000100000000, 0x0000000100000000|100%| E|CS|TAMS 0x00000000fff00000| PB 0x00000000fff00000| Complete |  0

Card table byte_map: [0x000002495d420000,0x000002495d440000] _byte_map_base: 0x000002495cc40000

Marking Bits: (CMBitMap*) 0x000002495d60cac0
 Bits: [0x000002495d440000, 0x000002495d540000)

Polling page: 0x000002495cdb0000

Metaspace:

Usage:
  Non-class:      6.02 MB used.
      Class:    569.94 KB used.
       Both:      6.58 MB used.

Virtual space:
  Non-class space:       64.00 MB reserved,       6.06 MB (  9%) committed,  1 nodes.
      Class space:        1.00 GB reserved,     640.00 KB ( <1%) committed,  1 nodes.
             Both:        1.06 GB reserved,       6.69 MB ( <1%) committed. 

Chunk freelists:
   Non-Class:  8.98 MB
       Class:  15.24 MB
        Both:  24.23 MB

MaxMetaspaceSize: unlimited
CompressedClassSpaceSize: 1.00 GB
Initial GC threshold: 21.00 MB
Current GC threshold: 21.00 MB
CDS: off
 - commit_granule_bytes: 65536.
 - commit_granule_words: 8192.
 - virtual_space_node_default_size: 8388608.
 - enlarge_chunks_in_place: 1.
 - use_allocation_guard: 0.


Internal statistics:

num_allocs_failed_limit: 0.
num_arena_births: 6.
num_arena_deaths: 0.
num_vsnodes_births: 2.
num_vsnodes_deaths: 0.
num_space_committed: 107.
num_space_uncommitted: 0.
num_chunks_returned_to_freelist: 0.
num_chunks_taken_from_freelist: 28.
num_chunk_merges: 0.
num_chunk_splits: 12.
num_chunks_enlarged: 5.
num_inconsistent_stats: 0.

CodeHeap 'non-profiled nmethods': size=120064Kb used=45Kb max_used=45Kb free=120018Kb
 bounds [0x000002496d7f0000, 0x000002496da60000, 0x0000024974d30000]
CodeHeap 'profiled nmethods': size=120000Kb used=111Kb max_used=111Kb free=119888Kb
 bounds [0x0000024965d30000, 0x0000024965fa0000, 0x000002496d260000]
CodeHeap 'non-nmethods': size=5696Kb used=1367Kb max_used=1374Kb free=4329Kb
 bounds [0x000002496d260000, 0x000002496d4d0000, 0x000002496d7f0000]
CodeCache: size=245760Kb, used=1523Kb, max_used=1530Kb, free=244235Kb
 total_blobs=545, nmethods=144, adapters=307, full_count=0
Compilation: enabled, stopped_count=0, restarted_count=0

Compilation events (20 events):
Event: 0.246 Thread 0x00000249001f41a0  133       1       java.lang.invoke.MethodType::ptypes (5 bytes)
Event: 0.246 Thread 0x00000249001f41a0 nmethod 133 0x000002496d7fa608 code [0x000002496d7fa720, 0x000002496d7fa7e8]
Event: 0.246 Thread 0x00000249001f41a0  134       3       jdk.internal.util.ReferencedKeyMap::removeStaleReferences (30 bytes)
Event: 0.247 Thread 0x00000249001f41a0 nmethod 134 0x0000024965d49f08 code [0x0000024965d4a060, 0x0000024965d4a3a8]
Event: 0.248 Thread 0x00000249001f41a0  137       1       java.lang.invoke.MemberName::getDeclaringClass (5 bytes)
Event: 0.248 Thread 0x00000249001f41a0 nmethod 137 0x000002496d7faf08 code [0x000002496d7fb020, 0x000002496d7fb0e8]
Event: 0.254 Thread 0x00000249001f41a0  138       3       java.lang.invoke.MethodType::checkSlotCount (33 bytes)
Event: 0.254 Thread 0x00000249001f41a0 nmethod 138 0x0000024965d4a408 code [0x0000024965d4a5c0, 0x0000024965d4ac18]
Event: 0.254 Thread 0x00000249001f41a0  139       3       java.lang.StringLatin1::hashCode (9 bytes)
Event: 0.254 Thread 0x00000249001f41a0 nmethod 139 0x0000024965d4ac88 code [0x0000024965d4ada0, 0x0000024965d4aed0]
Event: 0.254 Thread 0x00000249001f41a0  140       3       jdk.internal.misc.Unsafe::putReferenceRelease (9 bytes)
Event: 0.255 Thread 0x00000249001f41a0 nmethod 140 0x0000024965d4af88 code [0x0000024965d4b0a0, 0x0000024965d4b200]
Event: 0.255 Thread 0x00000249001f41a0  141       3       java.util.concurrent.ConcurrentHashMap::setTabAt (20 bytes)
Event: 0.255 Thread 0x00000249001f41a0 nmethod 141 0x0000024965d4b288 code [0x0000024965d4b3a0, 0x0000024965d4b5a0]
Event: 0.256 Thread 0x00000249001f41a0  142       3       jdk.internal.util.Preconditions::checkFromToIndex (24 bytes)
Event: 0.256 Thread 0x00000249001f41a0 nmethod 142 0x0000024965d4b608 code [0x0000024965d4b740, 0x0000024965d4b8f8]
Event: 0.256 Thread 0x00000249001f41a0  145       3       java.lang.String::hashCode (60 bytes)
Event: 0.256 Thread 0x00000249001d4550  147       4       java.lang.StringLatin1::indexOfChar (33 bytes)
Event: 0.256 Thread 0x00000249001f41a0 nmethod 145 0x0000024965d4b908 code [0x0000024965d4ba60, 0x0000024965d4be80]
Event: 0.256 Thread 0x00000249001f41a0  143       3       java.util.HashMap::putVal (300 bytes)

GC Heap History (0 events):
No events

Dll operation events (6 events):
Event: 0.009 Loaded shared library C:\Program Files\Java\jdk-23\bin\java.dll
Event: 0.069 Loaded shared library C:\Program Files\Java\jdk-23\bin\jsvml.dll
Event: 0.154 Loaded shared library C:\Program Files\Java\jdk-23\bin\net.dll
Event: 0.156 Loaded shared library C:\Program Files\Java\jdk-23\bin\nio.dll
Event: 0.171 Loaded shared library C:\Program Files\Java\jdk-23\bin\zip.dll
Event: 0.184 Loaded shared library C:\Program Files\Java\jdk-23\bin\verify.dll

Deoptimization events (4 events):
Event: 0.247 Thread 0x000002495b3d3660 Uncommon trap: trap_request=0xffffff45 fr.pc=0x000002496d7f6a1c relative=0x00000000000002dc
Event: 0.247 Thread 0x000002495b3d3660 Uncommon trap: reason=unstable_if action=reinterpret pc=0x000002496d7f6a1c method=jdk.internal.util.ArraysSupport.hashCodeOfUnsigned([BIII)I @ 1 c2
Event: 0.247 Thread 0x000002495b3d3660 DEOPT PACKING pc=0x000002496d7f6a1c sp=0x0000007b464fd500
Event: 0.247 Thread 0x000002495b3d3660 DEOPT UNPACKING pc=0x000002496d2b7982 sp=0x0000007b464fd3c0 mode 2

Classes loaded (20 events):
Event: 0.252 Loading class java/lang/invoke/LambdaFormEditor$TransformKey done
Event: 0.252 Loading class java/lang/invoke/LambdaFormBuffer
Event: 0.252 Loading class java/lang/invoke/LambdaFormBuffer done
Event: 0.252 Loading class java/lang/invoke/LambdaFormEditor$Transform
Event: 0.252 Loading class java/lang/invoke/LambdaFormEditor$Transform done
Event: 0.252 Loading class jdk/internal/org/objectweb/asm/Frame
Event: 0.253 Loading class jdk/internal/org/objectweb/asm/Frame done
Event: 0.253 Loading class java/lang/invoke/InvokerBytecodeGenerator$ClassData
Event: 0.253 Loading class java/lang/invoke/InvokerBytecodeGenerator$ClassData done
Event: 0.255 Loading class java/lang/ProcessEnvironment
Event: 0.255 Loading class java/lang/ProcessEnvironment done
Event: 0.255 Loading class java/lang/ProcessEnvironment$NameComparator
Event: 0.255 Loading class java/lang/ProcessEnvironment$NameComparator done
Event: 0.255 Loading class java/lang/ProcessEnvironment$EntryComparator
Event: 0.256 Loading class java/lang/ProcessEnvironment$EntryComparator done
Event: 0.256 Loading class java/util/TreeMap
Event: 0.257 Loading class java/util/NavigableMap
Event: 0.257 Loading class java/util/SortedMap
Event: 0.257 Loading class java/util/SortedMap done
Event: 0.257 Loading class java/util/NavigableMap done

Classes unloaded (0 events):
No events

Classes redefined (0 events):
No events

Internal exceptions (0 events):
No events

VM Operations (2 events):
Event: 0.175 Executing VM operation: HandshakeAllThreads (Deoptimize)
Event: 0.176 Executing VM operation: HandshakeAllThreads (Deoptimize) done

Memory protections (0 events):
No events

Nmethod flushes (0 events):
No events

Events (11 events):
Event: 0.017 Thread 0x000002495b3d3660 Thread added: 0x000002495b3d3660
Event: 0.064 Thread 0x000002495b3d3660 Thread added: 0x00000249001537e0
Event: 0.064 Thread 0x000002495b3d3660 Thread added: 0x00000249001e64b0
Event: 0.066 Thread 0x000002495b3d3660 Thread added: 0x00000249001db8f0
Event: 0.066 Thread 0x000002495b3d3660 Thread added: 0x00000249001d1e90
Event: 0.066 Thread 0x000002495b3d3660 Thread added: 0x00000249001d28f0
Event: 0.066 Thread 0x000002495b3d3660 Thread added: 0x00000249001d3350
Event: 0.066 Thread 0x000002495b3d3660 Thread added: 0x00000249001d4550
Event: 0.066 Thread 0x000002495b3d3660 Thread added: 0x00000249001f41a0
Event: 0.132 Thread 0x000002495b3d3660 Thread added: 0x00000249003aa8f0
Event: 0.141 Thread 0x000002495b3d3660 Thread added: 0x00000249003af780


Dynamic libraries:
0x00007ff6dc400000 - 0x00007ff6dc410000 	C:\Program Files\Java\jdk-23\bin\java.exe
0x00007ff896c30000 - 0x00007ff896e47000 	C:\WINDOWS\SYSTEM32\ntdll.dll
0x00007ff895fb0000 - 0x00007ff896074000 	C:\WINDOWS\System32\KERNEL32.DLL
0x00007ff893d50000 - 0x00007ff894123000 	C:\WINDOWS\System32\KERNELBASE.dll
0x00007ff8943a0000 - 0x00007ff8944b1000 	C:\WINDOWS\System32\ucrtbase.dll
0x00007ff87d830000 - 0x00007ff87d84b000 	C:\Program Files\Java\jdk-23\bin\VCRUNTIME140.dll
0x00007ff87d810000 - 0x00007ff87d827000 	C:\Program Files\Java\jdk-23\bin\jli.dll
0x00007ff896a30000 - 0x00007ff896be1000 	C:\WINDOWS\System32\USER32.dll
0x00007ff8944c0000 - 0x00007ff8944e6000 	C:\WINDOWS\System32\win32u.dll
0x00007ff873b20000 - 0x00007ff873db8000 	C:\WINDOWS\WinSxS\amd64_microsoft.windows.common-controls_6595b64144ccf1df_6.0.22621.5124_none_270e8f4f7386d69d\COMCTL32.dll
0x00007ff8967c0000 - 0x00007ff8967e9000 	C:\WINDOWS\System32\GDI32.dll
0x00007ff895ad0000 - 0x00007ff895b77000 	C:\WINDOWS\System32\msvcrt.dll
0x00007ff8945b0000 - 0x00007ff8946cb000 	C:\WINDOWS\System32\gdi32full.dll
0x00007ff894840000 - 0x00007ff8948da000 	C:\WINDOWS\System32\msvcp_win.dll
0x00007ff8968b0000 - 0x00007ff8968e1000 	C:\WINDOWS\System32\IMM32.DLL
0x00007ff882090000 - 0x00007ff88209c000 	C:\Program Files\Java\jdk-23\bin\vcruntime140_1.dll
0x00007ff857ff0000 - 0x00007ff85807e000 	C:\Program Files\Java\jdk-23\bin\msvcp140.dll
0x00007ff81f220000 - 0x00007ff81ff70000 	C:\Program Files\Java\jdk-23\bin\server\jvm.dll
0x00007ff8968f0000 - 0x00007ff8969a1000 	C:\WINDOWS\System32\ADVAPI32.dll
0x00007ff896080000 - 0x00007ff896128000 	C:\WINDOWS\System32\sechost.dll
0x00007ff8946d0000 - 0x00007ff8946f8000 	C:\WINDOWS\System32\bcrypt.dll
0x00007ff894d70000 - 0x00007ff894e84000 	C:\WINDOWS\System32\RPCRT4.dll
0x00007ff895d70000 - 0x00007ff895de1000 	C:\WINDOWS\System32\WS2_32.dll
0x00007ff893a70000 - 0x00007ff893abd000 	C:\WINDOWS\SYSTEM32\POWRPROF.dll
0x00007ff88bd30000 - 0x00007ff88bd64000 	C:\WINDOWS\SYSTEM32\WINMM.dll
0x00007ff88c540000 - 0x00007ff88c54a000 	C:\WINDOWS\SYSTEM32\VERSION.dll
0x00007ff893a50000 - 0x00007ff893a63000 	C:\WINDOWS\SYSTEM32\UMPDC.dll
0x00007ff892d80000 - 0x00007ff892d98000 	C:\WINDOWS\SYSTEM32\kernel.appcore.dll
0x00007ff882040000 - 0x00007ff88204a000 	C:\Program Files\Java\jdk-23\bin\jimage.dll
0x00007ff891670000 - 0x00007ff8918a2000 	C:\WINDOWS\SYSTEM32\DBGHELP.DLL
0x00007ff8948e0000 - 0x00007ff894c72000 	C:\WINDOWS\System32\combase.dll
0x00007ff894c80000 - 0x00007ff894d57000 	C:\WINDOWS\System32\OLEAUT32.dll
0x00007ff85e4b0000 - 0x00007ff85e4e2000 	C:\WINDOWS\SYSTEM32\dbgcore.DLL
0x00007ff894320000 - 0x00007ff89439b000 	C:\WINDOWS\System32\bcryptPrimitives.dll
0x00007ff87d730000 - 0x00007ff87d74e000 	C:\Program Files\Java\jdk-23\bin\java.dll
0x00007ff894ff0000 - 0x00007ff895191000 	C:\WINDOWS\System32\ole32.dll
0x00007ff895230000 - 0x00007ff895ac6000 	C:\WINDOWS\System32\SHELL32.dll
0x00007ff894700000 - 0x00007ff89483f000 	C:\WINDOWS\System32\wintypes.dll
0x00007ff891c30000 - 0x00007ff89254a000 	C:\WINDOWS\SYSTEM32\windows.storage.dll
0x00007ff896140000 - 0x00007ff89624a000 	C:\WINDOWS\System32\SHCORE.dll
0x00007ff8967f0000 - 0x00007ff896853000 	C:\WINDOWS\System32\shlwapi.dll
0x00007ff893c80000 - 0x00007ff893cab000 	C:\WINDOWS\SYSTEM32\profapi.dll
0x00007ff849970000 - 0x00007ff849a47000 	C:\Program Files\Java\jdk-23\bin\jsvml.dll
0x00007ff881a10000 - 0x00007ff881a20000 	C:\Program Files\Java\jdk-23\bin\net.dll
0x00007ff893200000 - 0x00007ff89326a000 	C:\WINDOWS\system32\mswsock.dll
0x00007ff87d710000 - 0x00007ff87d726000 	C:\Program Files\Java\jdk-23\bin\nio.dll
0x00007ff87d6f0000 - 0x00007ff87d707000 	C:\Program Files\Java\jdk-23\bin\zip.dll
0x00007ff881600000 - 0x00007ff881610000 	C:\Program Files\Java\jdk-23\bin\verify.dll

dbghelp: loaded successfully - version: 4.0.5 - missing functions: none
symbol engine: initialized successfully - sym options: 0x614 - pdb path: .;C:\Program Files\Java\jdk-23\bin;C:\WINDOWS\SYSTEM32;C:\WINDOWS\WinSxS\amd64_microsoft.windows.common-controls_6595b64144ccf1df_6.0.22621.5124_none_270e8f4f7386d69d;C:\Program Files\Java\jdk-23\bin\server

VM Arguments:
jvm_args: -Xmx64m -Xms64m -Dorg.gradle.appname=gradlew 
java_command: org.gradle.wrapper.GradleWrapperMain app:installDebug -PreactNativeDevServerPort=8081
java_class_path (initial): C:\Users\ajeet sharma\subby\android\\gradle\wrapper\gradle-wrapper.jar
Launcher Type: SUN_STANDARD

[Global flags]
     intx CICompilerCount                          = 3                                         {product} {ergonomic}
     uint ConcGCThreads                            = 1                                         {product} {ergonomic}
     uint G1ConcRefinementThreads                  = 4                                         {product} {ergonomic}
   size_t G1HeapRegionSize                         = 1048576                                   {product} {ergonomic}
   size_t InitialHeapSize                          = 67108864                                  {product} {command line}
   size_t MarkStackSize                            = 4194304                                   {product} {ergonomic}
   size_t MarkStackSizeMax                         = 536870912                                 {product} {ergonomic}
   size_t MaxHeapSize                              = 67108864                                  {product} {command line}
   size_t MaxNewSize                               = 39845888                                  {product} {ergonomic}
   size_t MinHeapDeltaBytes                        = 1048576                                   {product} {ergonomic}
   size_t MinHeapSize                              = 67108864                                  {product} {command line}
    uintx NonNMethodCodeHeapSize                   = 5832704                                {pd product} {ergonomic}
    uintx NonProfiledCodeHeapSize                  = 122945536                              {pd product} {ergonomic}
    uintx ProfiledCodeHeapSize                     = 122880000                              {pd product} {ergonomic}
    uintx ReservedCodeCacheSize                    = 251658240                              {pd product} {ergonomic}
     bool SegmentedCodeCache                       = true                                      {product} {ergonomic}
   size_t SoftMaxHeapSize                          = 67108864                               {manageable} {ergonomic}
     bool UseCompressedOops                        = true                           {product lp64_product} {ergonomic}
     bool UseG1GC                                  = true                                      {product} {ergonomic}
     bool UseLargePagesIndividualAllocation        = false                                  {pd product} {ergonomic}

Logging:
Log output configuration:
 #0: stdout all=warning uptime,level,tags foldmultilines=false
 #1: stderr all=off uptime,level,tags foldmultilines=false

Environment Variables:
JAVA_HOME=C:\Program Files\Java\jdk-23
CLASSPATH=C:\Users\ajeet sharma\subby\android\\gradle\wrapper\gradle-wrapper.jar
PATH=C:\Users\ajeet sharma\subby\node_modules\.bin;C:\Users\ajeet sharma\subby\node_modules\.bin;C:\Users\ajeet sharma\node_modules\.bin;C:\Users\node_modules\.bin;C:\node_modules\.bin;C:\Users\ajeet sharma\AppData\Roaming\npm\node_modules\npm\node_modules\@npmcli\run-script\lib\node-gyp-bin;C:\Program Files\Common Files\Oracle\Java\javapath;C:\WINDOWS\system32;C:\WINDOWS;C:\WINDOWS\System32\Wbem;C:\WINDOWS\System32\WindowsPowerShell\v1.0\;C:\WINDOWS\System32\OpenSSH\;C:\Program Files\dotnet\;C:\Program Files\Git\cmd;C:\ProgramData\chocolatey\bin;C:\Users\ajeet sharma\AppData\Local\Android\Sdk\platform-tools;C:\Program Files\Java\jdk-23\bin;C:\Program Files\nodejs\;C:\Program Files\Eclipse Adoptium\jdk-21.0.5.11-hotspot\bin;C:\WINDOWS\system32;C:\WINDOWS;C:\WINDOWS\System32\Wbem;C:\WINDOWS\System32\WindowsPowerShell\v1.0\;C:\WINDOWS\System32\OpenSSH\;C:\Program Files\dotnet\;C:\Program Files\Git\cmd;C:\Program Files\nodejs\;C:\ProgramData\chocolatey\bin;C:\Users\ajeet sharma\AppData\Local\Android\Sdk\platform-tools;C:\Program Files\Eclipse Adoptium\jdk-21.0.5.11-hotspot\bin;C:\Program Files\OpenLogic\jdk-11.0.25.9-hotspot\bin;C:\Users\ajeet sharma\AppData\Local\Microsoft\WindowsApps;C:\Users\ajeet sharma\AppData\Local\Microsoft\WindowsApps;C:\Users\ajeet sharma\AppData\Local\Programs\Microsoft VS Code\bin;C:\Users\ajeet sharma\AppData\Local\Programs\mongosh\;C:\Users\ajeet sharma\AppData\Roaming\npm;C:\Program Files\Android\Android Studio2\bin;C:\Program Files\Java\jdk-23;
USERNAME=ajeet sharma
LANG=en_US.UTF-8
OS=Windows_NT
PROCESSOR_IDENTIFIER=Intel64 Family 6 Model 140 Stepping 1, GenuineIntel
TMP=C:\Users\ajeet sharma\AppData\Local\Temp
TEMP=C:\Users\ajeet sharma\AppData\Local\Temp




Periodic native trim disabled

---------------  S Y S T E M  ---------------

OS:
 Windows 11 , 64 bit Build 22621 (10.0.22621.5124)
OS uptime: 4 days 8:11 hours
Hyper-V role detected

CPU: total 4 (initial active 4) (2 cores per cpu, 2 threads per core) family 6 model 140 stepping 1 microcode 0xba, cx8, cmov, fxsr, ht, mmx, 3dnowpref, sse, sse2, sse3, ssse3, sse4.1, sse4.2, popcnt, lzcnt, tsc, tscinvbit, avx, avx2, aes, erms, clmul, bmi1, bmi2, adx, avx512f, avx512dq, avx512cd, avx512bw, avx512vl, sha, fma, vzeroupper, avx512_vpopcntdq, avx512_vpclmulqdq, avx512_vaes, avx512_vnni, clflush, clflushopt, clwb, avx512_vbmi2, avx512_vbmi, hv, rdtscp, rdpid, fsrm, gfni, avx512_bitalg, f16c, cet_ibt, cet_ss, avx512_ifma
Processor Information for processor 0
  Max Mhz: 2995, Current Mhz: 998, Mhz Limit: 2995
Processor Information for processor 1
  Max Mhz: 2995, Current Mhz: 2995, Mhz Limit: 2995
Processor Information for processor 2
  Max Mhz: 2995, Current Mhz: 998, Mhz Limit: 2995
Processor Information for processor 3
  Max Mhz: 2995, Current Mhz: 998, Mhz Limit: 2995

Memory: 4k page, system-wide physical 7926M (879M free)
TotalPageFile size 18803M (AvailPageFile size 0M)
current process WorkingSet (physical memory assigned to process): 33M, peak: 33M
current process commit charge ("private bytes"): 130M, peak: 130M

vm_info: Java HotSpot(TM) 64-Bit Server VM (23.0.2+7-58) for windows-amd64 JRE (23.0.2+7-58), built on 2024-11-29T09:34:55Z with MS VC++ 17.6 (VS2022)

END.
