#
# There is insufficient memory for the Java Runtime Environment to continue.
# Native memory allocation (mmap) failed to map 67108864 bytes. Error detail: G1 virtual space
# Possible reasons:
#   The system is out of physical RAM or swap space
#   This process is running with CompressedOops enabled, and the Java Heap may be blocking the growth of the native heap
# Possible solutions:
#   Reduce memory load on the system
#   Increase physical memory or swap space
#   Check if swap backing store is full
#   Decrease Java heap size (-Xmx/-Xms)
#   Decrease number of Java threads
#   Decrease Java thread stack sizes (-Xss)
#   Set larger code cache with -XX:ReservedCodeCacheSize=
#   JVM is running with Unscaled Compressed Oops mode in which the Java heap is
#     placed in the first 4GB address space. The Java Heap base address is the
#     maximum limit for the native heap growth. Please use -XX:HeapBaseMinAddress
#     to set the Java Heap base and to place the Java Heap above 4GB virtual address.
# This output file may be truncated or incomplete.
#
#  Out of Memory Error (os_windows.cpp:3707), pid=16096, tid=7316
#
# JRE version:  (23.0.2+7) (build )
# Java VM: Java HotSpot(TM) 64-Bit Server VM (23.0.2+7-58, mixed mode, sharing, tiered, compressed oops, compressed class ptrs, g1 gc, windows-amd64)
# No core dump will be written. Minidumps are not enabled by default on client versions of Windows
#

---------------  S U M M A R Y ------------

Command Line: -Xmx64m -Xms64m -Dorg.gradle.appname=gradlew org.gradle.wrapper.GradleWrapperMain app:installDebug -PreactNativeDevServerPort=8081

Host: 11th Gen Intel(R) Core(TM) i3-1115G4 @ 3.00GHz, 4 cores, 7G,  Windows 11 , 64 bit Build 22621 (10.0.22621.5124)
Time: Sat Apr  5 19:44:44 2025 India Standard Time elapsed time: 0.052236 seconds (0d 0h 0m 0s)

---------------  T H R E A D  ---------------

Current thread (0x00000245748df840):  JavaThread "Unknown thread" [_thread_in_vm, id=7316, stack(0x000000912fb00000,0x000000912fc00000) (1024K)]

Stack: [0x000000912fb00000,0x000000912fc00000]
Native frames: (J=compiled Java code, j=interpreted, Vv=VM code, C=native code)
V  [jvm.dll+0x6e0b99]  (no source info available)
V  [jvm.dll+0x87e2b3]  (no source info available)
V  [jvm.dll+0x88073e]  (no source info available)
V  [jvm.dll+0x880e13]  (no source info available)
V  [jvm.dll+0x27b006]  (no source info available)
V  [jvm.dll+0x6dd485]  (no source info available)
V  [jvm.dll+0x6d127a]  (no source info available)
V  [jvm.dll+0x35b50a]  (no source info available)
V  [jvm.dll+0x363916]  (no source info available)
V  [jvm.dll+0x34fe7e]  (no source info available)
V  [jvm.dll+0x350118]  (no source info available)
V  [jvm.dll+0x328aec]  (no source info available)
V  [jvm.dll+0x32978e]  (no source info available)
V  [jvm.dll+0x8449a5]  (no source info available)
V  [jvm.dll+0x3b9a08]  (no source info available)
V  [jvm.dll+0x82d68c]  (no source info available)
V  [jvm.dll+0x454f2e]  (no source info available)
V  [jvm.dll+0x456db1]  (no source info available)
C  [jli.dll+0x52a3]  (no source info available)
C  [ucrtbase.dll+0x29333]  (no source info available)
C  [KERNEL32.DLL+0x1259d]  (no source info available)
C  [ntdll.dll+0x5af38]  (no source info available)

Lock stack of current Java thread (top to bottom):


---------------  P R O C E S S  ---------------

Threads class SMR info:
_java_thread_list=0x00007ff81fe14618, length=0, elements={
}

Java Threads: ( => current thread )
Total: 0

Other Threads:
  0x00000245748fc9d0 WorkerThread "GC Thread#0"                     [id=2716, stack(0x000000912fc00000,0x000000912fd00000) (1024K)]
  0x00000245748fe420 ConcurrentGCThread "G1 Main Marker"            [id=10912, stack(0x000000912fd00000,0x000000912fe00000) (1024K)]
  0x00000245748fef30 WorkerThread "G1 Conc#0"                       [id=25080, stack(0x000000912fe00000,0x000000912ff00000) (1024K)]

[error occurred during error reporting (printing all threads), id 0xc0000005, EXCEPTION_ACCESS_VIOLATION (0xc0000005) at pc=0x00007ff81f55c0da]
VM state: not at safepoint (not fully initialized)

VM Mutex/Monitor currently owned by a thread:  ([mutex/lock_event])
[0x00007ff81fe94988] Heap_lock - owner thread: 0x00000245748df840

Heap address: 0x00000000fc000000, size: 64 MB, Compressed Oops mode: 32-bit

CDS archive(s) mapped at: [0x0000000000000000-0x0000000000000000-0x0000000000000000), size 0, SharedBaseAddress: 0x0000000800000000, ArchiveRelocationMode: 1.
Narrow klass base: 0x0000000000000000, Narrow klass shift: 0, Narrow klass range: 0x0

GC Precious Log:
 CardTable entry size: 512
 Card Set container configuration: InlinePtr #cards 5 size 8 Array Of Cards #cards 10 size 36 Howl #buckets 4 coarsen threshold 1843 Howl Bitmap #cards 512 size 80 coarsen threshold 460 Card regions per heap region 1 cards per card region 2048

Heap:
 garbage-first heap   total reserved 65536K, committed 0K, used 0K [0x00000000fc000000, 0x0000000100000000)
  region size 1024K, 0 young (0K), 0 survivors (0K)

[error occurred during error reporting (printing heap information), id 0xc0000005, EXCEPTION_ACCESS_VIOLATION (0xc0000005) at pc=0x00007ff81f95c6a9]
GC Heap History (0 events):
No events

Dll operation events (1 events):
Event: 0.014 Loaded shared library C:\Program Files\Java\jdk-23\bin\java.dll

Deoptimization events (0 events):
No events

Classes loaded (0 events):
No events

Classes unloaded (0 events):
No events

Classes redefined (0 events):
No events

Internal exceptions (0 events):
No events

VM Operations (0 events):
No events

Memory protections (0 events):
No events

Nmethod flushes (0 events):
No events

Events (0 events):
No events


Dynamic libraries:
0x00007ff6dc400000 - 0x00007ff6dc410000 	C:\Program Files\Java\jdk-23\bin\java.exe
0x00007ff896c30000 - 0x00007ff896e47000 	C:\WINDOWS\SYSTEM32\ntdll.dll
0x00007ff895fb0000 - 0x00007ff896074000 	C:\WINDOWS\System32\KERNEL32.DLL
0x00007ff893d50000 - 0x00007ff894123000 	C:\WINDOWS\System32\KERNELBASE.dll
0x00007ff8943a0000 - 0x00007ff8944b1000 	C:\WINDOWS\System32\ucrtbase.dll
0x00007ff87d810000 - 0x00007ff87d827000 	C:\Program Files\Java\jdk-23\bin\jli.dll
0x00007ff87d830000 - 0x00007ff87d84b000 	C:\Program Files\Java\jdk-23\bin\VCRUNTIME140.dll
0x00007ff896a30000 - 0x00007ff896be1000 	C:\WINDOWS\System32\USER32.dll
0x00007ff8944c0000 - 0x00007ff8944e6000 	C:\WINDOWS\System32\win32u.dll
0x00007ff8967c0000 - 0x00007ff8967e9000 	C:\WINDOWS\System32\GDI32.dll
0x00007ff873b20000 - 0x00007ff873db8000 	C:\WINDOWS\WinSxS\amd64_microsoft.windows.common-controls_6595b64144ccf1df_6.0.22621.5124_none_270e8f4f7386d69d\COMCTL32.dll
0x00007ff8945b0000 - 0x00007ff8946cb000 	C:\WINDOWS\System32\gdi32full.dll
0x00007ff894840000 - 0x00007ff8948da000 	C:\WINDOWS\System32\msvcp_win.dll
0x00007ff895ad0000 - 0x00007ff895b77000 	C:\WINDOWS\System32\msvcrt.dll
0x00007ff8968b0000 - 0x00007ff8968e1000 	C:\WINDOWS\System32\IMM32.DLL
0x00007ff882090000 - 0x00007ff88209c000 	C:\Program Files\Java\jdk-23\bin\vcruntime140_1.dll
0x00007ff857ff0000 - 0x00007ff85807e000 	C:\Program Files\Java\jdk-23\bin\msvcp140.dll
0x00007ff81f220000 - 0x00007ff81ff70000 	C:\Program Files\Java\jdk-23\bin\server\jvm.dll
0x00007ff8968f0000 - 0x00007ff8969a1000 	C:\WINDOWS\System32\ADVAPI32.dll
0x00007ff896080000 - 0x00007ff896128000 	C:\WINDOWS\System32\sechost.dll
0x00007ff8946d0000 - 0x00007ff8946f8000 	C:\WINDOWS\System32\bcrypt.dll
0x00007ff894d70000 - 0x00007ff894e84000 	C:\WINDOWS\System32\RPCRT4.dll
0x00007ff895d70000 - 0x00007ff895de1000 	C:\WINDOWS\System32\WS2_32.dll
0x00007ff893a70000 - 0x00007ff893abd000 	C:\WINDOWS\SYSTEM32\POWRPROF.dll
0x00007ff88bd30000 - 0x00007ff88bd64000 	C:\WINDOWS\SYSTEM32\WINMM.dll
0x00007ff88c540000 - 0x00007ff88c54a000 	C:\WINDOWS\SYSTEM32\VERSION.dll
0x00007ff893a50000 - 0x00007ff893a63000 	C:\WINDOWS\SYSTEM32\UMPDC.dll
0x00007ff892d80000 - 0x00007ff892d98000 	C:\WINDOWS\SYSTEM32\kernel.appcore.dll
0x00007ff882040000 - 0x00007ff88204a000 	C:\Program Files\Java\jdk-23\bin\jimage.dll
0x00007ff891670000 - 0x00007ff8918a2000 	C:\WINDOWS\SYSTEM32\DBGHELP.DLL
0x00007ff8948e0000 - 0x00007ff894c72000 	C:\WINDOWS\System32\combase.dll
0x00007ff894c80000 - 0x00007ff894d57000 	C:\WINDOWS\System32\OLEAUT32.dll
0x00007ff85e4b0000 - 0x00007ff85e4e2000 	C:\WINDOWS\SYSTEM32\dbgcore.DLL
0x00007ff894320000 - 0x00007ff89439b000 	C:\WINDOWS\System32\bcryptPrimitives.dll
0x00007ff87d730000 - 0x00007ff87d74e000 	C:\Program Files\Java\jdk-23\bin\java.dll
0x00007ff894ff0000 - 0x00007ff895191000 	C:\WINDOWS\System32\ole32.dll
0x00007ff895230000 - 0x00007ff895ac6000 	C:\WINDOWS\System32\SHELL32.dll
0x00007ff894700000 - 0x00007ff89483f000 	C:\WINDOWS\System32\wintypes.dll

dbghelp: loaded successfully - version: 4.0.5 - missing functions: none
symbol engine: initialized successfully - sym options: 0x614 - pdb path: .;C:\Program Files\Java\jdk-23\bin;C:\WINDOWS\SYSTEM32;C:\WINDOWS\WinSxS\amd64_microsoft.windows.common-controls_6595b64144ccf1df_6.0.22621.5124_none_270e8f4f7386d69d;C:\Program Files\Java\jdk-23\bin\server

VM Arguments:
jvm_args: -Xmx64m -Xms64m -Dorg.gradle.appname=gradlew 
java_command: org.gradle.wrapper.GradleWrapperMain app:installDebug -PreactNativeDevServerPort=8081
java_class_path (initial): C:\Users\ajeet sharma\subby\android\\gradle\wrapper\gradle-wrapper.jar
Launcher Type: SUN_STANDARD

[Global flags]
     intx CICompilerCount                          = 3                                         {product} {ergonomic}
     uint ConcGCThreads                            = 1                                         {product} {ergonomic}
     uint G1ConcRefinementThreads                  = 4                                         {product} {ergonomic}
   size_t G1HeapRegionSize                         = 1048576                                   {product} {ergonomic}
   size_t InitialHeapSize                          = 67108864                                  {product} {command line}
   size_t MarkStackSize                            = 4194304                                   {product} {ergonomic}
   size_t MarkStackSizeMax                         = 536870912                                 {product} {ergonomic}
   size_t MaxHeapSize                              = 67108864                                  {product} {command line}
   size_t MinHeapDeltaBytes                        = 1048576                                   {product} {ergonomic}
   size_t MinHeapSize                              = 67108864                                  {product} {command line}
    uintx NonNMethodCodeHeapSize                   = 5832704                                {pd product} {ergonomic}
    uintx NonProfiledCodeHeapSize                  = 122945536                              {pd product} {ergonomic}
    uintx ProfiledCodeHeapSize                     = 122880000                              {pd product} {ergonomic}
    uintx ReservedCodeCacheSize                    = 251658240                              {pd product} {ergonomic}
     bool SegmentedCodeCache                       = true                                      {product} {ergonomic}
   size_t SoftMaxHeapSize                          = 67108864                               {manageable} {ergonomic}
     bool UseCompressedOops                        = true                           {product lp64_product} {ergonomic}
     bool UseG1GC                                  = true                                      {product} {ergonomic}
     bool UseLargePagesIndividualAllocation        = false                                  {pd product} {ergonomic}

Logging:
Log output configuration:
 #0: stdout all=warning uptime,level,tags foldmultilines=false
 #1: stderr all=off uptime,level,tags foldmultilines=false

Environment Variables:
JAVA_HOME=C:\Program Files\Java\jdk-23
CLASSPATH=C:\Users\ajeet sharma\subby\android\\gradle\wrapper\gradle-wrapper.jar
PATH=C:\Users\ajeet sharma\subby\node_modules\.bin;C:\Users\ajeet sharma\subby\node_modules\.bin;C:\Users\ajeet sharma\node_modules\.bin;C:\Users\node_modules\.bin;C:\node_modules\.bin;C:\Users\ajeet sharma\AppData\Roaming\npm\node_modules\npm\node_modules\@npmcli\run-script\lib\node-gyp-bin;C:\Program Files\Common Files\Oracle\Java\javapath;C:\WINDOWS\system32;C:\WINDOWS;C:\WINDOWS\System32\Wbem;C:\WINDOWS\System32\WindowsPowerShell\v1.0\;C:\WINDOWS\System32\OpenSSH\;C:\Program Files\dotnet\;C:\Program Files\Git\cmd;C:\ProgramData\chocolatey\bin;C:\Users\ajeet sharma\AppData\Local\Android\Sdk\platform-tools;C:\Program Files\Java\jdk-23\bin;C:\Program Files\nodejs\;C:\Program Files\Eclipse Adoptium\jdk-21.0.5.11-hotspot\bin;C:\WINDOWS\system32;C:\WINDOWS;C:\WINDOWS\System32\Wbem;C:\WINDOWS\System32\WindowsPowerShell\v1.0\;C:\WINDOWS\System32\OpenSSH\;C:\Program Files\dotnet\;C:\Program Files\Git\cmd;C:\Program Files\nodejs\;C:\ProgramData\chocolatey\bin;C:\Users\ajeet sharma\AppData\Local\Android\Sdk\platform-tools;C:\Program Files\Eclipse Adoptium\jdk-21.0.5.11-hotspot\bin;C:\Program Files\OpenLogic\jdk-11.0.25.9-hotspot\bin;C:\Users\ajeet sharma\AppData\Local\Microsoft\WindowsApps;C:\Users\ajeet sharma\AppData\Local\Microsoft\WindowsApps;C:\Users\ajeet sharma\AppData\Local\Programs\Microsoft VS Code\bin;C:\Users\ajeet sharma\AppData\Local\Programs\mongosh\;C:\Users\ajeet sharma\AppData\Roaming\npm;C:\Program Files\Android\Android Studio2\bin;C:\Program Files\Java\jdk-23;
USERNAME=ajeet sharma
LANG=en_US.UTF-8
OS=Windows_NT
PROCESSOR_IDENTIFIER=Intel64 Family 6 Model 140 Stepping 1, GenuineIntel
TMP=C:\Users\ajeet sharma\AppData\Local\Temp
TEMP=C:\Users\ajeet sharma\AppData\Local\Temp




Periodic native trim disabled

---------------  S Y S T E M  ---------------

OS:
 Windows 11 , 64 bit Build 22621 (10.0.22621.5124)
OS uptime: 4 days 8:05 hours
Hyper-V role detected

CPU: total 4 (initial active 4) (2 cores per cpu, 2 threads per core) family 6 model 140 stepping 1 microcode 0xba, cx8, cmov, fxsr, ht, mmx, 3dnowpref, sse, sse2, sse3, ssse3, sse4.1, sse4.2, popcnt, lzcnt, tsc, tscinvbit, avx, avx2, aes, erms, clmul, bmi1, bmi2, adx, avx512f, avx512dq, avx512cd, avx512bw, avx512vl, sha, fma, vzeroupper, avx512_vpopcntdq, avx512_vpclmulqdq, avx512_vaes, avx512_vnni, clflush, clflushopt, clwb, avx512_vbmi2, avx512_vbmi, hv, rdtscp, rdpid, fsrm, gfni, avx512_bitalg, f16c, cet_ibt, cet_ss, avx512_ifma
Processor Information for processor 0
  Max Mhz: 2995, Current Mhz: 998, Mhz Limit: 2995
Processor Information for processor 1
  Max Mhz: 2995, Current Mhz: 998, Mhz Limit: 2995
Processor Information for processor 2
  Max Mhz: 2995, Current Mhz: 998, Mhz Limit: 2995
Processor Information for processor 3
  Max Mhz: 2995, Current Mhz: 2995, Mhz Limit: 2995

Memory: 4k page, system-wide physical 7926M (962M free)
TotalPageFile size 18803M (AvailPageFile size 42M)
current process WorkingSet (physical memory assigned to process): 12M, peak: 12M
current process commit charge ("private bytes"): 51M, peak: 115M

vm_info: Java HotSpot(TM) 64-Bit Server VM (23.0.2+7-58) for windows-amd64 JRE (23.0.2+7-58), built on 2024-11-29T09:34:55Z with MS VC++ 17.6 (VS2022)

END.
