#
# There is insufficient memory for the Java Runtime Environment to continue.
# Native memory allocation (mmap) failed to map 65536 bytes. Error detail: Failed to commit metaspace.
# Possible reasons:
#   The system is out of physical RAM or swap space
#   This process is running with CompressedOops enabled, and the Java Heap may be blocking the growth of the native heap
# Possible solutions:
#   Reduce memory load on the system
#   Increase physical memory or swap space
#   Check if swap backing store is full
#   Decrease Java heap size (-Xmx/-Xms)
#   Decrease number of Java threads
#   Decrease Java thread stack sizes (-Xss)
#   Set larger code cache with -XX:ReservedCodeCacheSize=
#   JVM is running with Unscaled Compressed Oops mode in which the Java heap is
#     placed in the first 4GB address space. The Java Heap base address is the
#     maximum limit for the native heap growth. Please use -XX:HeapBaseMinAddress
#     to set the Java Heap base and to place the Java Heap above 4GB virtual address.
# This output file may be truncated or incomplete.
#
#  Out of Memory Error (virtualSpaceNode.cpp:113), pid=2852, tid=14344
#
# JRE version: Java(TM) SE Runtime Environment (23.0.2+7) (build 23.0.2+7-58)
# Java VM: Java HotSpot(TM) 64-Bit Server VM (23.0.2+7-58, mixed mode, tiered, compressed oops, compressed class ptrs, g1 gc, windows-amd64)
# No core dump will be written. Minidumps are not enabled by default on client versions of Windows
#

---------------  S U M M A R Y ------------

Command Line: -Xmx64m -Xms64m -Dorg.gradle.appname=gradlew org.gradle.wrapper.GradleWrapperMain app:installDebug -PreactNativeDevServerPort=8081

Host: 11th Gen Intel(R) Core(TM) i3-1115G4 @ 3.00GHz, 4 cores, 7G,  Windows 11 , 64 bit Build 22621 (10.0.22621.5124)
Time: Sat Apr  5 19:45:42 2025 India Standard Time elapsed time: 0.154843 seconds (0d 0h 0m 0s)

---------------  T H R E A D  ---------------

Current thread (0x00000203f662efe0):  JavaThread "main"             [_thread_in_vm, id=14344, stack(0x00000073fed00000,0x00000073fee00000) (1024K)]

Stack: [0x00000073fed00000,0x00000073fee00000]
Native frames: (J=compiled Java code, j=interpreted, Vv=VM code, C=native code)
V  [jvm.dll+0x6e0b99]  (no source info available)
V  [jvm.dll+0x87e2b3]  (no source info available)
V  [jvm.dll+0x88073e]  (no source info available)
V  [jvm.dll+0x880e13]  (no source info available)
V  [jvm.dll+0x27b006]  (no source info available)
V  [jvm.dll+0x879ebe]  (no source info available)
V  [jvm.dll+0x6822f5]  (no source info available)
V  [jvm.dll+0x1e0aec]  (no source info available)
V  [jvm.dll+0x1e08be]  (no source info available)
V  [jvm.dll+0x684c48]  (no source info available)
V  [jvm.dll+0x221aec]  (no source info available)
V  [jvm.dll+0x682d0e]  (no source info available)
V  [jvm.dll+0x3bc1bf]  (no source info available)
V  [jvm.dll+0x20a10b]  (no source info available)
V  [jvm.dll+0x5be969]  (no source info available)
V  [jvm.dll+0x219c3b]  (no source info available)
V  [jvm.dll+0x7f3670]  (no source info available)
V  [jvm.dll+0x7f4716]  (no source info available)
V  [jvm.dll+0x7f4d24]  (no source info available)
V  [jvm.dll+0x7f49a8]  (no source info available)
V  [jvm.dll+0x268acb]  (no source info available)
V  [jvm.dll+0x268cf6]  (no source info available)
V  [jvm.dll+0x5e1fe1]  (no source info available)
V  [jvm.dll+0x5e4634]  (no source info available)
V  [jvm.dll+0x3d592a]  (no source info available)
V  [jvm.dll+0x3d53b0]  (no source info available)
C  0x000002038754811c  (no source info available)

The last pc belongs to getstatic (printed below).
Java frames: (J=compiled Java code, j=interpreted, Vv=VM code)
j  java.lang.module.ModuleDescriptor$Modifier.<clinit>()V+7 java.base
v  ~StubRoutines::call_stub 0x0000020387530fcd
j  java.lang.module.ModuleDescriptor.<init>(Ljava/lang/String;Ljava/lang/module/ModuleDescriptor$Version;Ljava/util/Set;Ljava/util/Set;Ljava/util/Set;Ljava/util/Set;Ljava/util/Set;Ljava/util/Set;Ljava/util/Set;Ljava/lang/String;IZ)V+26 java.base
j  java.lang.module.ModuleDescriptor$1.newModuleDescriptor(Ljava/lang/String;Ljava/lang/module/ModuleDescriptor$Version;Ljava/util/Set;Ljava/util/Set;Ljava/util/Set;Ljava/util/Set;Ljava/util/Set;Ljava/util/Set;Ljava/util/Set;Ljava/lang/String;I)Ljava/lang/module/ModuleDescriptor;+24 java.base
j  jdk.internal.module.Builder.build(I)Ljava/lang/module/ModuleDescriptor;+65 java.base
j  jdk.internal.module.SystemModules$default.moduleDescriptors()[Ljava/lang/module/ModuleDescriptor;+3947 java.base
j  jdk.internal.module.SystemModuleFinders.of(Ljdk/internal/module/SystemModules;)Ljava/lang/module/ModuleFinder;+1 java.base
j  jdk.internal.module.ModuleBootstrap.boot2()Ljava/lang/ModuleLayer;+246 java.base
j  jdk.internal.module.ModuleBootstrap.boot()Ljava/lang/ModuleLayer;+64 java.base
j  java.lang.System.initPhase2(ZZ)I+0 java.base
v  ~StubRoutines::call_stub 0x0000020387530fcd
Lock stack of current Java thread (top to bottom):

getstatic  178 getstatic  [0x0000020387548080, 0x0000020387548280]  512 bytes
[MachCode]
  0x0000020387548080: 4883 ec08 | c5fa 1104 | 24eb 1f48 | 83ec 10c5 | fb11 0424 | eb14 4883 | ec10 4889 | 0424 48c7 
  0x00000203875480a0: 4424 0800 | 0000 00eb | 0150 488b | 4dd0 410f | b755 0148 | 8b49 286b | d218 488d | 4c11 080f 
  0x00000203875480c0: b659 1281 | fbb2 0000 | 000f 84bd | 0000 00bb | b200 0000 | e805 0000 | 00e9 9900 | 0000 488b 
  0x00000203875480e0: d348 8d44 | 2408 4c89 | 6dc0 498b | cfc5 f877 | 4989 afb0 | 0300 0049 | 8987 a003 | 0000 4883 
  0x0000020387548100: ec20 40f6 | c40f 0f84 | 1900 0000 | 4883 ec08 | 48b8 5053 | 5f1f f87f | 0000 ffd0 | 4883 c408 
  0x0000020387548120: e90c 0000 | 0048 b850 | 535f 1ff8 | 7f00 00ff | d048 83c4 | 2049 c787 | a003 0000 | 0000 0000 
  0x0000020387548140: 49c7 87b0 | 0300 0000 | 0000 0049 | c787 a803 | 0000 0000 | 0000 c5f8 | 7749 837f | 0800 0f84 
  0x0000020387548160: 0500 0000 | e957 8dfe | ff4c 8b6d | c04c 8b75 | c84e 8d74 | f500 c348 | 8b4d d041 | 0fb7 5501 
  0x0000020387548180: 488b 4928 | 6bd2 1848 | 8d4c 1108 | 8b59 080f | b651 110f | b641 104c | 8b09 4d8b | 4970 4d8b 
  0x00000203875481a0: 0985 c00f | 850b 0000 | 0041 0fbe | 0419 50e9 | b100 0000 | 83f8 010f | 850b 0000 | 0041 0fb6 
  0x00000203875481c0: 0419 50e9 | 9d00 0000 | 83f8 080f | 850a 0000 | 0041 8b04 | 1950 e98a | 0000 0083 | f804 0f85 
  0x00000203875481e0: 0a00 0000 | 418b 0419 | 50e9 7700 | 0000 83f8 | 020f 850b | 0000 0041 | 0fb7 0419 | 50e9 6300 
  0x0000020387548200: 0000 83f8 | 030f 850b | 0000 0041 | 0fbf 0419 | 50e9 4f00 | 0000 83f8 | 050f 851a | 0000 0049 
  0x0000020387548220: 8b04 1948 | 83ec 1048 | 8904 2448 | c744 2408 | 0000 0000 | e92c 0000 | 0083 f806 | 0f85 1400 
  0x0000020387548240: 0000 c4c1 | 7a10 0419 | 4883 ec08 | c5fa 1104 | 24e9 0f00 | 0000 c4c1 | 7b10 0419 | 4883 ec10 
  0x0000020387548260: c5fb 1104 | 2441 0fb6 | 5d03 4983 | c503 49ba | d08d ea1f | f87f 0000 | 41ff 24da | 0f1f 4000 
[/MachCode]

---------------  P R O C E S S  ---------------

Threads class SMR info:
_java_thread_list=0x00000203911cb850, length=9, elements={
0x00000203f662efe0, 0x00000203f66ee790, 0x00000203911cf210, 0x00000203911ec900,
0x00000203911d1400, 0x00000203911d3020, 0x00000203911d82d0, 0x00000203911eef80,
0x00000203911f2d30
}

Java Threads: ( => current thread )
=>0x00000203f662efe0 JavaThread "main"                              [_thread_in_vm, id=14344, stack(0x00000073fed00000,0x00000073fee00000) (1024K)]
  0x00000203f66ee790 JavaThread "Reference Handler"          daemon [_thread_blocked, id=12284, stack(0x00000073ff500000,0x00000073ff600000) (1024K)]
  0x00000203911cf210 JavaThread "Finalizer"                  daemon [_thread_blocked, id=12296, stack(0x00000073ff600000,0x00000073ff700000) (1024K)]
  0x00000203911ec900 JavaThread "Signal Dispatcher"          daemon [_thread_blocked, id=7336, stack(0x00000073ff700000,0x00000073ff800000) (1024K)]
  0x00000203911d1400 JavaThread "Attach Listener"            daemon [_thread_blocked, id=25432, stack(0x00000073ff800000,0x00000073ff900000) (1024K)]
  0x00000203911d3020 JavaThread "Service Thread"             daemon [_thread_blocked, id=24248, stack(0x00000073ff900000,0x00000073ffa00000) (1024K)]
  0x00000203911d82d0 JavaThread "Monitor Deflation Thread"   daemon [_thread_blocked, id=1908, stack(0x00000073ffa00000,0x00000073ffb00000) (1024K)]
  0x00000203911eef80 JavaThread "C2 CompilerThread0"         daemon [_thread_blocked, id=18756, stack(0x00000073ffb00000,0x00000073ffc00000) (1024K)]
  0x00000203911f2d30 JavaThread "C1 CompilerThread0"         daemon [_thread_blocked, id=12648, stack(0x00000073ffc00000,0x00000073ffd00000) (1024K)]
Total: 9

Other Threads:
  0x000002039116d410 VMThread "VM Thread"                           [id=24324, stack(0x00000073ff400000,0x00000073ff500000) (1024K)]
  0x000002039111ad60 WatcherThread "VM Periodic Task Thread"        [id=23388, stack(0x00000073ff300000,0x00000073ff400000) (1024K)]
  0x00000203f664b670 WorkerThread "GC Thread#0"                     [id=11416, stack(0x00000073fee00000,0x00000073fef00000) (1024K)]
  0x00000203f664d0c0 ConcurrentGCThread "G1 Main Marker"            [id=23532, stack(0x00000073fef00000,0x00000073ff000000) (1024K)]
  0x00000203f664dd80 WorkerThread "G1 Conc#0"                       [id=24148, stack(0x00000073ff000000,0x00000073ff100000) (1024K)]
  0x00000203f66a8ad0 ConcurrentGCThread "G1 Refine#0"               [id=22484, stack(0x00000073ff100000,0x00000073ff200000) (1024K)]
  0x00000203f66a9650 ConcurrentGCThread "G1 Service"                [id=24540, stack(0x00000073ff200000,0x00000073ff300000) (1024K)]
Total: 7

Threads with active compile tasks:
Total: 0

VM state: not at safepoint (normal execution)

VM Mutex/Monitor currently owned by a thread:  ([mutex/lock_event])
[0x00007ff81fe92888] Metaspace_lock - owner thread: 0x00000203f662efe0

Heap address: 0x00000000fc000000, size: 64 MB, Compressed Oops mode: 32-bit

CDS archive(s) not mapped
Compressed class space mapped at: 0x000000008a000000-0x00000000ca000000, reserved size: 1073741824
Narrow klass base: 0x0000000000000000, Narrow klass shift: 0, Narrow klass range: 0xca000000

GC Precious Log:
 CardTable entry size: 512
 Card Set container configuration: InlinePtr #cards 5 size 8 Array Of Cards #cards 10 size 36 Howl #buckets 4 coarsen threshold 1843 Howl Bitmap #cards 512 size 80 coarsen threshold 460 Card regions per heap region 1 cards per card region 2048
 CPUs: 4 total, 4 available
 Memory: 7926M
 Large Page Support: Disabled
 NUMA Support: Disabled
 Compressed Oops: Enabled (32-bit)
 Heap Region Size: 1M
 Heap Min Capacity: 64M
 Heap Initial Capacity: 64M
 Heap Max Capacity: 64M
 Pre-touch: Disabled
 Parallel Workers: 4
 Concurrent Workers: 1
 Concurrent Refinement Workers: 4
 Periodic GC: Disabled

Heap:
 garbage-first heap   total reserved 65536K, committed 65536K, used 0K [0x00000000fc000000, 0x0000000100000000)
  region size 1024K, 1 young (1024K), 0 survivors (0K)
 Metaspace       used 3477K, committed 3520K, reserved 1114112K
  class space    used 255K, committed 256K, reserved 1048576K

Heap Regions: E=young(eden), S=young(survivor), O=old, HS=humongous(starts), HC=humongous(continues), CS=collection set, F=free, TAMS=top-at-mark-start, PB=parsable bottom
|   0|0x00000000fc000000, 0x00000000fc000000, 0x00000000fc100000|  0%| F|  |TAMS 0x00000000fc000000| PB 0x00000000fc000000| Untracked |  0
|   1|0x00000000fc100000, 0x00000000fc100000, 0x00000000fc200000|  0%| F|  |TAMS 0x00000000fc100000| PB 0x00000000fc100000| Untracked |  0
|   2|0x00000000fc200000, 0x00000000fc200000, 0x00000000fc300000|  0%| F|  |TAMS 0x00000000fc200000| PB 0x00000000fc200000| Untracked |  0
|   3|0x00000000fc300000, 0x00000000fc300000, 0x00000000fc400000|  0%| F|  |TAMS 0x00000000fc300000| PB 0x00000000fc300000| Untracked |  0
|   4|0x00000000fc400000, 0x00000000fc400000, 0x00000000fc500000|  0%| F|  |TAMS 0x00000000fc400000| PB 0x00000000fc400000| Untracked |  0
|   5|0x00000000fc500000, 0x00000000fc500000, 0x00000000fc600000|  0%| F|  |TAMS 0x00000000fc500000| PB 0x00000000fc500000| Untracked |  0
|   6|0x00000000fc600000, 0x00000000fc600000, 0x00000000fc700000|  0%| F|  |TAMS 0x00000000fc600000| PB 0x00000000fc600000| Untracked |  0
|   7|0x00000000fc700000, 0x00000000fc700000, 0x00000000fc800000|  0%| F|  |TAMS 0x00000000fc700000| PB 0x00000000fc700000| Untracked |  0
|   8|0x00000000fc800000, 0x00000000fc800000, 0x00000000fc900000|  0%| F|  |TAMS 0x00000000fc800000| PB 0x00000000fc800000| Untracked |  0
|   9|0x00000000fc900000, 0x00000000fc900000, 0x00000000fca00000|  0%| F|  |TAMS 0x00000000fc900000| PB 0x00000000fc900000| Untracked |  0
|  10|0x00000000fca00000, 0x00000000fca00000, 0x00000000fcb00000|  0%| F|  |TAMS 0x00000000fca00000| PB 0x00000000fca00000| Untracked |  0
|  11|0x00000000fcb00000, 0x00000000fcb00000, 0x00000000fcc00000|  0%| F|  |TAMS 0x00000000fcb00000| PB 0x00000000fcb00000| Untracked |  0
|  12|0x00000000fcc00000, 0x00000000fcc00000, 0x00000000fcd00000|  0%| F|  |TAMS 0x00000000fcc00000| PB 0x00000000fcc00000| Untracked |  0
|  13|0x00000000fcd00000, 0x00000000fcd00000, 0x00000000fce00000|  0%| F|  |TAMS 0x00000000fcd00000| PB 0x00000000fcd00000| Untracked |  0
|  14|0x00000000fce00000, 0x00000000fce00000, 0x00000000fcf00000|  0%| F|  |TAMS 0x00000000fce00000| PB 0x00000000fce00000| Untracked |  0
|  15|0x00000000fcf00000, 0x00000000fcf00000, 0x00000000fd000000|  0%| F|  |TAMS 0x00000000fcf00000| PB 0x00000000fcf00000| Untracked |  0
|  16|0x00000000fd000000, 0x00000000fd000000, 0x00000000fd100000|  0%| F|  |TAMS 0x00000000fd000000| PB 0x00000000fd000000| Untracked |  0
|  17|0x00000000fd100000, 0x00000000fd100000, 0x00000000fd200000|  0%| F|  |TAMS 0x00000000fd100000| PB 0x00000000fd100000| Untracked |  0
|  18|0x00000000fd200000, 0x00000000fd200000, 0x00000000fd300000|  0%| F|  |TAMS 0x00000000fd200000| PB 0x00000000fd200000| Untracked |  0
|  19|0x00000000fd300000, 0x00000000fd300000, 0x00000000fd400000|  0%| F|  |TAMS 0x00000000fd300000| PB 0x00000000fd300000| Untracked |  0
|  20|0x00000000fd400000, 0x00000000fd400000, 0x00000000fd500000|  0%| F|  |TAMS 0x00000000fd400000| PB 0x00000000fd400000| Untracked |  0
|  21|0x00000000fd500000, 0x00000000fd500000, 0x00000000fd600000|  0%| F|  |TAMS 0x00000000fd500000| PB 0x00000000fd500000| Untracked |  0
|  22|0x00000000fd600000, 0x00000000fd600000, 0x00000000fd700000|  0%| F|  |TAMS 0x00000000fd600000| PB 0x00000000fd600000| Untracked |  0
|  23|0x00000000fd700000, 0x00000000fd700000, 0x00000000fd800000|  0%| F|  |TAMS 0x00000000fd700000| PB 0x00000000fd700000| Untracked |  0
|  24|0x00000000fd800000, 0x00000000fd800000, 0x00000000fd900000|  0%| F|  |TAMS 0x00000000fd800000| PB 0x00000000fd800000| Untracked |  0
|  25|0x00000000fd900000, 0x00000000fd900000, 0x00000000fda00000|  0%| F|  |TAMS 0x00000000fd900000| PB 0x00000000fd900000| Untracked |  0
|  26|0x00000000fda00000, 0x00000000fda00000, 0x00000000fdb00000|  0%| F|  |TAMS 0x00000000fda00000| PB 0x00000000fda00000| Untracked |  0
|  27|0x00000000fdb00000, 0x00000000fdb00000, 0x00000000fdc00000|  0%| F|  |TAMS 0x00000000fdb00000| PB 0x00000000fdb00000| Untracked |  0
|  28|0x00000000fdc00000, 0x00000000fdc00000, 0x00000000fdd00000|  0%| F|  |TAMS 0x00000000fdc00000| PB 0x00000000fdc00000| Untracked |  0
|  29|0x00000000fdd00000, 0x00000000fdd00000, 0x00000000fde00000|  0%| F|  |TAMS 0x00000000fdd00000| PB 0x00000000fdd00000| Untracked |  0
|  30|0x00000000fde00000, 0x00000000fde00000, 0x00000000fdf00000|  0%| F|  |TAMS 0x00000000fde00000| PB 0x00000000fde00000| Untracked |  0
|  31|0x00000000fdf00000, 0x00000000fdf00000, 0x00000000fe000000|  0%| F|  |TAMS 0x00000000fdf00000| PB 0x00000000fdf00000| Untracked |  0
|  32|0x00000000fe000000, 0x00000000fe000000, 0x00000000fe100000|  0%| F|  |TAMS 0x00000000fe000000| PB 0x00000000fe000000| Untracked |  0
|  33|0x00000000fe100000, 0x00000000fe100000, 0x00000000fe200000|  0%| F|  |TAMS 0x00000000fe100000| PB 0x00000000fe100000| Untracked |  0
|  34|0x00000000fe200000, 0x00000000fe200000, 0x00000000fe300000|  0%| F|  |TAMS 0x00000000fe200000| PB 0x00000000fe200000| Untracked |  0
|  35|0x00000000fe300000, 0x00000000fe300000, 0x00000000fe400000|  0%| F|  |TAMS 0x00000000fe300000| PB 0x00000000fe300000| Untracked |  0
|  36|0x00000000fe400000, 0x00000000fe400000, 0x00000000fe500000|  0%| F|  |TAMS 0x00000000fe400000| PB 0x00000000fe400000| Untracked |  0
|  37|0x00000000fe500000, 0x00000000fe500000, 0x00000000fe600000|  0%| F|  |TAMS 0x00000000fe500000| PB 0x00000000fe500000| Untracked |  0
|  38|0x00000000fe600000, 0x00000000fe600000, 0x00000000fe700000|  0%| F|  |TAMS 0x00000000fe600000| PB 0x00000000fe600000| Untracked |  0
|  39|0x00000000fe700000, 0x00000000fe700000, 0x00000000fe800000|  0%| F|  |TAMS 0x00000000fe700000| PB 0x00000000fe700000| Untracked |  0
|  40|0x00000000fe800000, 0x00000000fe800000, 0x00000000fe900000|  0%| F|  |TAMS 0x00000000fe800000| PB 0x00000000fe800000| Untracked |  0
|  41|0x00000000fe900000, 0x00000000fe900000, 0x00000000fea00000|  0%| F|  |TAMS 0x00000000fe900000| PB 0x00000000fe900000| Untracked |  0
|  42|0x00000000fea00000, 0x00000000fea00000, 0x00000000feb00000|  0%| F|  |TAMS 0x00000000fea00000| PB 0x00000000fea00000| Untracked |  0
|  43|0x00000000feb00000, 0x00000000feb00000, 0x00000000fec00000|  0%| F|  |TAMS 0x00000000feb00000| PB 0x00000000feb00000| Untracked |  0
|  44|0x00000000fec00000, 0x00000000fec00000, 0x00000000fed00000|  0%| F|  |TAMS 0x00000000fec00000| PB 0x00000000fec00000| Untracked |  0
|  45|0x00000000fed00000, 0x00000000fed00000, 0x00000000fee00000|  0%| F|  |TAMS 0x00000000fed00000| PB 0x00000000fed00000| Untracked |  0
|  46|0x00000000fee00000, 0x00000000fee00000, 0x00000000fef00000|  0%| F|  |TAMS 0x00000000fee00000| PB 0x00000000fee00000| Untracked |  0
|  47|0x00000000fef00000, 0x00000000fef00000, 0x00000000ff000000|  0%| F|  |TAMS 0x00000000fef00000| PB 0x00000000fef00000| Untracked |  0
|  48|0x00000000ff000000, 0x00000000ff000000, 0x00000000ff100000|  0%| F|  |TAMS 0x00000000ff000000| PB 0x00000000ff000000| Untracked |  0
|  49|0x00000000ff100000, 0x00000000ff100000, 0x00000000ff200000|  0%| F|  |TAMS 0x00000000ff100000| PB 0x00000000ff100000| Untracked |  0
|  50|0x00000000ff200000, 0x00000000ff200000, 0x00000000ff300000|  0%| F|  |TAMS 0x00000000ff200000| PB 0x00000000ff200000| Untracked |  0
|  51|0x00000000ff300000, 0x00000000ff300000, 0x00000000ff400000|  0%| F|  |TAMS 0x00000000ff300000| PB 0x00000000ff300000| Untracked |  0
|  52|0x00000000ff400000, 0x00000000ff400000, 0x00000000ff500000|  0%| F|  |TAMS 0x00000000ff400000| PB 0x00000000ff400000| Untracked |  0
|  53|0x00000000ff500000, 0x00000000ff500000, 0x00000000ff600000|  0%| F|  |TAMS 0x00000000ff500000| PB 0x00000000ff500000| Untracked |  0
|  54|0x00000000ff600000, 0x00000000ff600000, 0x00000000ff700000|  0%| F|  |TAMS 0x00000000ff600000| PB 0x00000000ff600000| Untracked |  0
|  55|0x00000000ff700000, 0x00000000ff700000, 0x00000000ff800000|  0%| F|  |TAMS 0x00000000ff700000| PB 0x00000000ff700000| Untracked |  0
|  56|0x00000000ff800000, 0x00000000ff800000, 0x00000000ff900000|  0%| F|  |TAMS 0x00000000ff800000| PB 0x00000000ff800000| Untracked |  0
|  57|0x00000000ff900000, 0x00000000ff900000, 0x00000000ffa00000|  0%| F|  |TAMS 0x00000000ff900000| PB 0x00000000ff900000| Untracked |  0
|  58|0x00000000ffa00000, 0x00000000ffa00000, 0x00000000ffb00000|  0%| F|  |TAMS 0x00000000ffa00000| PB 0x00000000ffa00000| Untracked |  0
|  59|0x00000000ffb00000, 0x00000000ffb00000, 0x00000000ffc00000|  0%| F|  |TAMS 0x00000000ffb00000| PB 0x00000000ffb00000| Untracked |  0
|  60|0x00000000ffc00000, 0x00000000ffc00000, 0x00000000ffd00000|  0%| F|  |TAMS 0x00000000ffc00000| PB 0x00000000ffc00000| Untracked |  0
|  61|0x00000000ffd00000, 0x00000000ffd00000, 0x00000000ffe00000|  0%| F|  |TAMS 0x00000000ffd00000| PB 0x00000000ffd00000| Untracked |  0
|  62|0x00000000ffe00000, 0x00000000ffe00000, 0x00000000fff00000|  0%| F|  |TAMS 0x00000000ffe00000| PB 0x00000000ffe00000| Untracked |  0
|  63|0x00000000fff00000, 0x00000000fff8f6a8, 0x0000000100000000| 56%| E|  |TAMS 0x00000000fff00000| PB 0x00000000fff00000| Complete |  0

Card table byte_map: [0x00000203f6450000,0x00000203f6470000] _byte_map_base: 0x00000203f5c70000

Marking Bits: (CMBitMap*) 0x00000203f664bd80
 Bits: [0x00000203f6470000, 0x00000203f6570000)

Polling page: 0x00000203f4630000

Metaspace:

Usage:
  Non-class:      3.15 MB used.
      Class:    255.72 KB used.
       Both:      3.40 MB used.

Virtual space:
  Non-class space:       64.00 MB reserved,       3.19 MB (  5%) committed,  1 nodes.
      Class space:        1.00 GB reserved,     256.00 KB ( <1%) committed,  1 nodes.
             Both:        1.06 GB reserved,       3.44 MB ( <1%) committed. 

Chunk freelists:
   Non-Class:  12.00 MB
       Class:  15.62 MB
        Both:  27.62 MB

MaxMetaspaceSize: unlimited
CompressedClassSpaceSize: 1.00 GB
Initial GC threshold: 21.00 MB
Current GC threshold: 21.00 MB
CDS: off
 - commit_granule_bytes: 65536.
 - commit_granule_words: 8192.
 - virtual_space_node_default_size: 8388608.
 - enlarge_chunks_in_place: 1.
 - use_allocation_guard: 0.


Internal statistics:

num_allocs_failed_limit: 0.
num_arena_births: 2.
num_arena_deaths: 0.
num_vsnodes_births: 2.
num_vsnodes_deaths: 0.
num_space_committed: 55.
num_space_uncommitted: 0.
num_chunks_returned_to_freelist: 0.
num_chunks_taken_from_freelist: 3.
num_chunk_merges: 0.
num_chunk_splits: 2.
num_chunks_enlarged: 0.
num_inconsistent_stats: 0.

CodeHeap 'non-profiled nmethods': size=120064Kb used=1Kb max_used=1Kb free=120062Kb
 bounds [0x0000020387ac0000, 0x0000020387d30000, 0x000002038f000000]
CodeHeap 'profiled nmethods': size=120000Kb used=8Kb max_used=8Kb free=119991Kb
 bounds [0x0000020380000000, 0x0000020380270000, 0x0000020387530000]
CodeHeap 'non-nmethods': size=5696Kb used=1211Kb max_used=1212Kb free=4484Kb
 bounds [0x0000020387530000, 0x00000203877a0000, 0x0000020387ac0000]
CodeCache: size=245760Kb, used=1220Kb, max_used=1221Kb, free=244537Kb
 total_blobs=299, nmethods=9, adapters=197, full_count=0
Compilation: enabled, stopped_count=0, restarted_count=0

Compilation events (16 events):
Event: 0.133 Thread 0x00000203911f2d30    1       3       java.lang.Byte::toUnsignedInt (6 bytes)
Event: 0.133 Thread 0x00000203911f2d30 nmethod 1 0x0000020380000008 code [0x0000020380000120, 0x0000020380000218]
Event: 0.133 Thread 0x00000203911f2d30    2       3       jdk.internal.util.ArraysSupport::unsignedHashCode (36 bytes)
Event: 0.133 Thread 0x00000203911f2d30 nmethod 2 0x0000020380000308 code [0x0000020380000440, 0x0000020380000660]
Event: 0.134 Thread 0x00000203911f2d30    3       3       java.lang.Object::<init> (1 bytes)
Event: 0.134 Thread 0x00000203911f2d30 nmethod 3 0x0000020380000688 code [0x00000203800007a0, 0x00000203800008a8]
Event: 0.140 Thread 0x00000203911f2d30    4       3       java.lang.String::hashCode (60 bytes)
Event: 0.141 Thread 0x00000203911f2d30 nmethod 4 0x0000020380000988 code [0x0000020380000ae0, 0x0000020380000f00]
Event: 0.150 Thread 0x00000203911f2d30    6       3       java.lang.Math::floorMod (20 bytes)
Event: 0.150 Thread 0x00000203911f2d30 nmethod 6 0x0000020380000f88 code [0x00000203800010a0, 0x0000020380001240]
Event: 0.150 Thread 0x00000203911f2d30    7       3       java.util.ImmutableCollections$SetN::probe (56 bytes)
Event: 0.151 Thread 0x00000203911f2d30 nmethod 7 0x0000020380001288 code [0x00000203800013e0, 0x00000203800018e0]
Event: 0.151 Thread 0x00000203911f2d30    8       3       jdk.internal.util.ArraysSupport::hashCodeOfUnsigned (55 bytes)
Event: 0.151 Thread 0x00000203911f2d30 nmethod 8 0x0000020380001908 code [0x0000020380001a40, 0x0000020380001cc0]
Event: 0.151 Thread 0x00000203911f2d30    9       3       java.lang.String::equals (56 bytes)
Event: 0.151 Thread 0x00000203911f2d30 nmethod 9 0x0000020380001d08 code [0x0000020380001e40, 0x0000020380002208]

GC Heap History (0 events):
No events

Dll operation events (2 events):
Event: 0.014 Loaded shared library C:\Program Files\Java\jdk-23\bin\java.dll
Event: 0.134 Loaded shared library C:\Program Files\Java\jdk-23\bin\jsvml.dll

Deoptimization events (0 events):
No events

Classes loaded (20 events):
Event: 0.148 Loading class jdk/internal/module/SystemModules$default done
Event: 0.148 Loading class jdk/internal/module/Builder
Event: 0.149 Loading class jdk/internal/module/Builder done
Event: 0.149 Loading class java/lang/module/ModuleDescriptor$Requires
Event: 0.149 Loading class java/lang/module/ModuleDescriptor$Requires done
Event: 0.149 Loading class java/lang/module/ModuleDescriptor$Exports
Event: 0.149 Loading class java/lang/module/ModuleDescriptor$Exports done
Event: 0.150 Loading class java/util/ImmutableCollections$SetN$SetNIterator
Event: 0.150 Loading class java/util/ImmutableCollections$SetN$SetNIterator done
Event: 0.150 Loading class java/lang/module/ModuleDescriptor$Opens
Event: 0.150 Loading class java/lang/module/ModuleDescriptor$Opens done
Event: 0.150 Loading class java/lang/module/ModuleDescriptor$Provides
Event: 0.150 Loading class java/lang/module/ModuleDescriptor$Provides done
Event: 0.150 Loading class java/util/ImmutableCollections$List12
Event: 0.151 Loading class java/util/ImmutableCollections$List12 done
Event: 0.151 Loading class java/lang/module/ModuleDescriptor$Version
Event: 0.151 Loading class java/lang/module/ModuleDescriptor$Version done
Event: 0.152 Loading class java/lang/module/ModuleDescriptor$Modifier
Event: 0.152 Loading class java/lang/module/ModuleDescriptor$Modifier done
Event: 0.152 Loading class java/lang/reflect/AccessFlag

Classes unloaded (0 events):
No events

Classes redefined (0 events):
No events

Internal exceptions (0 events):
No events

VM Operations (0 events):
No events

Memory protections (0 events):
No events

Nmethod flushes (0 events):
No events

Events (9 events):
Event: 0.026 Thread 0x00000203f662efe0 Thread added: 0x00000203f662efe0
Event: 0.128 Thread 0x00000203f662efe0 Thread added: 0x00000203f66ee790
Event: 0.128 Thread 0x00000203f662efe0 Thread added: 0x00000203911cf210
Event: 0.130 Thread 0x00000203f662efe0 Thread added: 0x00000203911ec900
Event: 0.130 Thread 0x00000203f662efe0 Thread added: 0x00000203911d1400
Event: 0.131 Thread 0x00000203f662efe0 Thread added: 0x00000203911d3020
Event: 0.131 Thread 0x00000203f662efe0 Thread added: 0x00000203911d82d0
Event: 0.131 Thread 0x00000203f662efe0 Thread added: 0x00000203911eef80
Event: 0.131 Thread 0x00000203f662efe0 Thread added: 0x00000203911f2d30


Dynamic libraries:
0x00007ff6dc400000 - 0x00007ff6dc410000 	C:\Program Files\Java\jdk-23\bin\java.exe
0x00007ff896c30000 - 0x00007ff896e47000 	C:\WINDOWS\SYSTEM32\ntdll.dll
0x00007ff895fb0000 - 0x00007ff896074000 	C:\WINDOWS\System32\KERNEL32.DLL
0x00007ff893d50000 - 0x00007ff894123000 	C:\WINDOWS\System32\KERNELBASE.dll
0x00007ff8943a0000 - 0x00007ff8944b1000 	C:\WINDOWS\System32\ucrtbase.dll
0x00007ff87d810000 - 0x00007ff87d827000 	C:\Program Files\Java\jdk-23\bin\jli.dll
0x00007ff896a30000 - 0x00007ff896be1000 	C:\WINDOWS\System32\USER32.dll
0x00007ff8944c0000 - 0x00007ff8944e6000 	C:\WINDOWS\System32\win32u.dll
0x00007ff87d830000 - 0x00007ff87d84b000 	C:\Program Files\Java\jdk-23\bin\VCRUNTIME140.dll
0x00007ff8967c0000 - 0x00007ff8967e9000 	C:\WINDOWS\System32\GDI32.dll
0x00007ff8945b0000 - 0x00007ff8946cb000 	C:\WINDOWS\System32\gdi32full.dll
0x00007ff894840000 - 0x00007ff8948da000 	C:\WINDOWS\System32\msvcp_win.dll
0x00007ff873b20000 - 0x00007ff873db8000 	C:\WINDOWS\WinSxS\amd64_microsoft.windows.common-controls_6595b64144ccf1df_6.0.22621.5124_none_270e8f4f7386d69d\COMCTL32.dll
0x00007ff895ad0000 - 0x00007ff895b77000 	C:\WINDOWS\System32\msvcrt.dll
0x00007ff8968b0000 - 0x00007ff8968e1000 	C:\WINDOWS\System32\IMM32.DLL
0x00007ff882090000 - 0x00007ff88209c000 	C:\Program Files\Java\jdk-23\bin\vcruntime140_1.dll
0x00007ff857ff0000 - 0x00007ff85807e000 	C:\Program Files\Java\jdk-23\bin\msvcp140.dll
0x00007ff81f220000 - 0x00007ff81ff70000 	C:\Program Files\Java\jdk-23\bin\server\jvm.dll
0x00007ff8968f0000 - 0x00007ff8969a1000 	C:\WINDOWS\System32\ADVAPI32.dll
0x00007ff896080000 - 0x00007ff896128000 	C:\WINDOWS\System32\sechost.dll
0x00007ff8946d0000 - 0x00007ff8946f8000 	C:\WINDOWS\System32\bcrypt.dll
0x00007ff894d70000 - 0x00007ff894e84000 	C:\WINDOWS\System32\RPCRT4.dll
0x00007ff895d70000 - 0x00007ff895de1000 	C:\WINDOWS\System32\WS2_32.dll
0x00007ff893a70000 - 0x00007ff893abd000 	C:\WINDOWS\SYSTEM32\POWRPROF.dll
0x00007ff88bd30000 - 0x00007ff88bd64000 	C:\WINDOWS\SYSTEM32\WINMM.dll
0x00007ff88c540000 - 0x00007ff88c54a000 	C:\WINDOWS\SYSTEM32\VERSION.dll
0x00007ff893a50000 - 0x00007ff893a63000 	C:\WINDOWS\SYSTEM32\UMPDC.dll
0x00007ff892d80000 - 0x00007ff892d98000 	C:\WINDOWS\SYSTEM32\kernel.appcore.dll
0x00007ff882040000 - 0x00007ff88204a000 	C:\Program Files\Java\jdk-23\bin\jimage.dll
0x00007ff891670000 - 0x00007ff8918a2000 	C:\WINDOWS\SYSTEM32\DBGHELP.DLL
0x00007ff8948e0000 - 0x00007ff894c72000 	C:\WINDOWS\System32\combase.dll
0x00007ff894c80000 - 0x00007ff894d57000 	C:\WINDOWS\System32\OLEAUT32.dll
0x00007ff85e4b0000 - 0x00007ff85e4e2000 	C:\WINDOWS\SYSTEM32\dbgcore.DLL
0x00007ff894320000 - 0x00007ff89439b000 	C:\WINDOWS\System32\bcryptPrimitives.dll
0x00007ff87d730000 - 0x00007ff87d74e000 	C:\Program Files\Java\jdk-23\bin\java.dll
0x00007ff894ff0000 - 0x00007ff895191000 	C:\WINDOWS\System32\ole32.dll
0x00007ff895230000 - 0x00007ff895ac6000 	C:\WINDOWS\System32\SHELL32.dll
0x00007ff894700000 - 0x00007ff89483f000 	C:\WINDOWS\System32\wintypes.dll
0x00007ff891c30000 - 0x00007ff89254a000 	C:\WINDOWS\SYSTEM32\windows.storage.dll
0x00007ff896140000 - 0x00007ff89624a000 	C:\WINDOWS\System32\SHCORE.dll
0x00007ff8967f0000 - 0x00007ff896853000 	C:\WINDOWS\System32\shlwapi.dll
0x00007ff893c80000 - 0x00007ff893cab000 	C:\WINDOWS\SYSTEM32\profapi.dll
0x00007ff849970000 - 0x00007ff849a47000 	C:\Program Files\Java\jdk-23\bin\jsvml.dll

dbghelp: loaded successfully - version: 4.0.5 - missing functions: none
symbol engine: initialized successfully - sym options: 0x614 - pdb path: .;C:\Program Files\Java\jdk-23\bin;C:\WINDOWS\SYSTEM32;C:\WINDOWS\WinSxS\amd64_microsoft.windows.common-controls_6595b64144ccf1df_6.0.22621.5124_none_270e8f4f7386d69d;C:\Program Files\Java\jdk-23\bin\server

VM Arguments:
jvm_args: -Xmx64m -Xms64m -Dorg.gradle.appname=gradlew 
java_command: org.gradle.wrapper.GradleWrapperMain app:installDebug -PreactNativeDevServerPort=8081
java_class_path (initial): C:\Users\ajeet sharma\subby\android\\gradle\wrapper\gradle-wrapper.jar
Launcher Type: SUN_STANDARD

[Global flags]
     intx CICompilerCount                          = 3                                         {product} {ergonomic}
     uint ConcGCThreads                            = 1                                         {product} {ergonomic}
     uint G1ConcRefinementThreads                  = 4                                         {product} {ergonomic}
   size_t G1HeapRegionSize                         = 1048576                                   {product} {ergonomic}
   size_t InitialHeapSize                          = 67108864                                  {product} {command line}
   size_t MarkStackSize                            = 4194304                                   {product} {ergonomic}
   size_t MarkStackSizeMax                         = 536870912                                 {product} {ergonomic}
   size_t MaxHeapSize                              = 67108864                                  {product} {command line}
   size_t MaxNewSize                               = 39845888                                  {product} {ergonomic}
   size_t MinHeapDeltaBytes                        = 1048576                                   {product} {ergonomic}
   size_t MinHeapSize                              = 67108864                                  {product} {command line}
    uintx NonNMethodCodeHeapSize                   = 5832704                                {pd product} {ergonomic}
    uintx NonProfiledCodeHeapSize                  = 122945536                              {pd product} {ergonomic}
    uintx ProfiledCodeHeapSize                     = 122880000                              {pd product} {ergonomic}
    uintx ReservedCodeCacheSize                    = 251658240                              {pd product} {ergonomic}
     bool SegmentedCodeCache                       = true                                      {product} {ergonomic}
   size_t SoftMaxHeapSize                          = 67108864                               {manageable} {ergonomic}
     bool UseCompressedOops                        = true                           {product lp64_product} {ergonomic}
     bool UseG1GC                                  = true                                      {product} {ergonomic}
     bool UseLargePagesIndividualAllocation        = false                                  {pd product} {ergonomic}

Logging:
Log output configuration:
 #0: stdout all=warning uptime,level,tags foldmultilines=false
 #1: stderr all=off uptime,level,tags foldmultilines=false

Environment Variables:
JAVA_HOME=C:\Program Files\Java\jdk-23
CLASSPATH=C:\Users\ajeet sharma\subby\android\\gradle\wrapper\gradle-wrapper.jar
PATH=C:\Users\ajeet sharma\subby\node_modules\.bin;C:\Users\ajeet sharma\subby\node_modules\.bin;C:\Users\ajeet sharma\node_modules\.bin;C:\Users\node_modules\.bin;C:\node_modules\.bin;C:\Users\ajeet sharma\AppData\Roaming\npm\node_modules\npm\node_modules\@npmcli\run-script\lib\node-gyp-bin;C:\Program Files\Common Files\Oracle\Java\javapath;C:\WINDOWS\system32;C:\WINDOWS;C:\WINDOWS\System32\Wbem;C:\WINDOWS\System32\WindowsPowerShell\v1.0\;C:\WINDOWS\System32\OpenSSH\;C:\Program Files\dotnet\;C:\Program Files\Git\cmd;C:\ProgramData\chocolatey\bin;C:\Users\ajeet sharma\AppData\Local\Android\Sdk\platform-tools;C:\Program Files\Java\jdk-23\bin;C:\Program Files\nodejs\;C:\Program Files\Eclipse Adoptium\jdk-21.0.5.11-hotspot\bin;C:\WINDOWS\system32;C:\WINDOWS;C:\WINDOWS\System32\Wbem;C:\WINDOWS\System32\WindowsPowerShell\v1.0\;C:\WINDOWS\System32\OpenSSH\;C:\Program Files\dotnet\;C:\Program Files\Git\cmd;C:\Program Files\nodejs\;C:\ProgramData\chocolatey\bin;C:\Users\ajeet sharma\AppData\Local\Android\Sdk\platform-tools;C:\Program Files\Eclipse Adoptium\jdk-21.0.5.11-hotspot\bin;C:\Program Files\OpenLogic\jdk-11.0.25.9-hotspot\bin;C:\Users\ajeet sharma\AppData\Local\Microsoft\WindowsApps;C:\Users\ajeet sharma\AppData\Local\Microsoft\WindowsApps;C:\Users\ajeet sharma\AppData\Local\Programs\Microsoft VS Code\bin;C:\Users\ajeet sharma\AppData\Local\Programs\mongosh\;C:\Users\ajeet sharma\AppData\Roaming\npm;C:\Program Files\Android\Android Studio2\bin;C:\Program Files\Java\jdk-23;
USERNAME=ajeet sharma
LANG=en_US.UTF-8
OS=Windows_NT
PROCESSOR_IDENTIFIER=Intel64 Family 6 Model 140 Stepping 1, GenuineIntel
TMP=C:\Users\ajeet sharma\AppData\Local\Temp
TEMP=C:\Users\ajeet sharma\AppData\Local\Temp




Periodic native trim disabled

---------------  S Y S T E M  ---------------

OS:
 Windows 11 , 64 bit Build 22621 (10.0.22621.5124)
OS uptime: 4 days 8:06 hours
Hyper-V role detected

CPU: total 4 (initial active 4) (2 cores per cpu, 2 threads per core) family 6 model 140 stepping 1 microcode 0xba, cx8, cmov, fxsr, ht, mmx, 3dnowpref, sse, sse2, sse3, ssse3, sse4.1, sse4.2, popcnt, lzcnt, tsc, tscinvbit, avx, avx2, aes, erms, clmul, bmi1, bmi2, adx, avx512f, avx512dq, avx512cd, avx512bw, avx512vl, sha, fma, vzeroupper, avx512_vpopcntdq, avx512_vpclmulqdq, avx512_vaes, avx512_vnni, clflush, clflushopt, clwb, avx512_vbmi2, avx512_vbmi, hv, rdtscp, rdpid, fsrm, gfni, avx512_bitalg, f16c, cet_ibt, cet_ss, avx512_ifma
Processor Information for processor 0
  Max Mhz: 2995, Current Mhz: 998, Mhz Limit: 2995
Processor Information for processor 1
  Max Mhz: 2995, Current Mhz: 998, Mhz Limit: 2995
Processor Information for processor 2
  Max Mhz: 2995, Current Mhz: 2995, Mhz Limit: 2995
Processor Information for processor 3
  Max Mhz: 2995, Current Mhz: 998, Mhz Limit: 2995

Memory: 4k page, system-wide physical 7926M (901M free)
TotalPageFile size 18803M (AvailPageFile size 3M)
current process WorkingSet (physical memory assigned to process): 25M, peak: 25M
current process commit charge ("private bytes"): 124M, peak: 130M

vm_info: Java HotSpot(TM) 64-Bit Server VM (23.0.2+7-58) for windows-amd64 JRE (23.0.2+7-58), built on 2024-11-29T09:34:55Z with MS VC++ 17.6 (VS2022)

END.
